#
# A fatal error has been detected by the Java Runtime Environment:
#
#  EXCEPTION_ACCESS_VIOLATION (0xc0000005) at pc=0x00007ff907b69a97, pid=25640, tid=25404
#
# JRE version: OpenJDK Runtime Environment Temurin-21.0.8+9 (21.0.8+9) (build 21.0.8+9-LTS)
# Java VM: OpenJDK 64-Bit Server VM Temurin-21.0.8+9 (21.0.8+9-LTS, mixed mode, sharing, tiered, compressed oops, compressed class ptrs, g1 gc, windows-amd64)
# Problematic frame:
# V  [jvm.dll+0x339a97]
#
# No core dump will be written. Minidumps are not enabled by default on client versions of Windows
#
# If you would like to submit a bug report, please visit:
#   https://github.com/adoptium/adoptium-support/issues
#

---------------  S U M M A R Y ------------

Command Line: --add-opens=java.base/java.lang=ALL-UNNAMED --add-opens=java.base/java.lang.invoke=ALL-UNNAMED --add-opens=java.base/java.util=ALL-UNNAMED --add-opens=java.prefs/java.util.prefs=ALL-UNNAMED --add-exports=jdk.compiler/com.sun.tools.javac.api=ALL-UNNAMED --add-exports=jdk.compiler/com.sun.tools.javac.util=ALL-UNNAMED --add-opens=java.base/java.util=ALL-UNNAMED --add-opens=java.prefs/java.util.prefs=ALL-UNNAMED --add-opens=java.base/java.nio.charset=ALL-UNNAMED --add-opens=java.base/java.net=ALL-UNNAMED --add-opens=java.base/java.util.concurrent.atomic=ALL-UNNAMED --add-opens=java.xml/javax.xml.namespace=ALL-UNNAMED -Xmx1G -Dfile.encoding=UTF-8 -Duser.country=US -Duser.language=en -Duser.variant -javaagent:C:\Users\Administrator\.gradle\wrapper\dists\gradle-8.14.3-bin\cv11ve7ro1n3o1j4so8xd9n66\gradle-8.14.3\lib\agents\gradle-instrumentation-agent-8.14.3.jar org.gradle.launcher.daemon.bootstrap.GradleDaemon 8.14.3

Host: Intel(R) Core(TM) i9-10900K CPU @ 3.70GHz, 20 cores, 63G,  Windows 11 , 64 bit Build 22621 (10.0.22621.3235)
Time: Tue Sep  2 21:31:58 2025 China Standard Time elapsed time: 6.992629 seconds (0d 0h 0m 6s)

---------------  T H R E A D  ---------------

Current thread (0x0000019bc63934d0):  WorkerThread "GC Thread#3"    [id=25404, stack(0x0000003bd3c00000,0x0000003bd3d00000) (1024K)]

Stack: [0x0000003bd3c00000,0x0000003bd3d00000],  sp=0x0000003bd3cff510,  free space=1021k
Native frames: (J=compiled Java code, j=interpreted, Vv=VM code, C=native code)
V  [jvm.dll+0x339a97]
V  [jvm.dll+0x35b5a1]
V  [jvm.dll+0x36f6d9]
V  [jvm.dll+0x36fd9a]
V  [jvm.dll+0x36fe87]
V  [jvm.dll+0x370d3b]
V  [jvm.dll+0x8dc2e7]
V  [jvm.dll+0x857e6b]
V  [jvm.dll+0x6d0b0d]
C  [ucrtbase.dll+0x29363]
C  [KERNEL32.DLL+0x1257d]
C  [ntdll.dll+0x5aa58]


siginfo: EXCEPTION_ACCESS_VIOLATION (0xc0000005), data execution prevention violation at address 0x00007ff907049a97


Registers:
RAX=0x0000000000000000, RBX=0x0000000000000008, RCX=0x0000000000000000, RDX=0x0000000000000000
RSP=0x0000003bd3cff510, RBP=0x0000019bdf0e8880, RSI=0x000000000000000d, RDI=0x0000019bdf0c26a0
R8 =0x0000000000000000, R9 =0x000000000000000c, R10=0x0000000000000040, R11=0x0000000000000060
R12=0x000000000000001e, R13=0x0000000000000068, R14=0x0000000000000006, R15=0x0000003bd3cff590
RIP=0x00007ff907b69a97, EFLAGS=0x0000000000010246

XMM[0]=0x0000006900002318 0x0000000000000001
XMM[1]=0x72756769666e6f43 0x746c75616665442e
XMM[2]=0x756269727474612f 0x6c616e7265746e69
XMM[3]=0x6f6f672f6d6f634c 0x3b73657475626972
XMM[4]=0x7473694c656c6261 0x74756d6d492f7463
XMM[5]=0x3931303030303078 0x302f6164626d614c
XMM[6]=0x0000000601a81618 0x00000000042a0cd2
XMM[7]=0x0000000000000000 0x0000000000000000
XMM[8]=0x0000000000000000 0x0000000000000000
XMM[9]=0x0000000000000000 0x0000000000000000
XMM[10]=0x0000000000000000 0x0000000000000000
XMM[11]=0x0000000000000000 0x0000000000000000
XMM[12]=0x0000000000000000 0x0000000000000000
XMM[13]=0x0000000000000000 0x0000000000000000
XMM[14]=0x0000000000000000 0x0000000000000000
XMM[15]=0x0000000000000000 0x0000000000000000
  MXCSR=0x00001fa0


Register to memory mapping:

RAX=0x0 is null
RBX=0x0000000000000008 is an unknown value
RCX=0x0 is null
RDX=0x0 is null
RSP=0x0000003bd3cff510 points into unknown readable memory: 0x0000019bc5f90000 | 00 00 f9 c5 9b 01 00 00
RBP=0x0000019bdf0e8880 points into unknown readable memory: 0x0000000000000000 | 00 00 00 00 00 00 00 00
RSI=0x000000000000000d is an unknown value
RDI=0x0000019bdf0c26a0 points into unknown readable memory: 0x00007ff90825af58 | 58 af 25 08 f9 7f 00 00
R8 =0x0 is null
R9 =0x000000000000000c is an unknown value
R10=0x0000000000000040 is an unknown value
R11=0x0000000000000060 is an unknown value
R12=0x000000000000001e is an unknown value
R13=0x0000000000000068 is an unknown value
R14=0x0000000000000006 is an unknown value
R15=0x0000003bd3cff590 points into unknown readable memory: 0x00000000ff6e58c1 | c1 58 6e ff 00 00 00 00

Top of Stack: (sp=0x0000003bd3cff510)
0x0000003bd3cff510:   0000019bc5f90000 0000000000000002
0x0000003bd3cff520:   0000000000000000 0000000000000018
0x0000003bd3cff530:   000000000000000a 0000000000000000
0x0000003bd3cff540:   0000019bc5f9e9a0 0000000000000003
0x0000003bd3cff550:   00000000ff6e58b0 00007ff907b8b5a1
0x0000003bd3cff560:   0000019bc5f9e9a0 0000003bd3cff5f0
0x0000003bd3cff570:   0000019bdf0c26a0 0000000000000030
0x0000003bd3cff580:   0000003bd3cff660 00007ff907b9f6d9
0x0000003bd3cff590:   00000000ff6e58c1 000000000000000d
0x0000003bd3cff5a0:   0000000000000000 0000003bd3cff660
0x0000003bd3cff5b0:   0000003bd2afec70 00007ff907efad8f
0x0000003bd3cff5c0:   0000000000000000 0000000000000000
0x0000003bd3cff5d0:   0000003bd3000000 0000000000000012
0x0000003bd3cff5e0:   00007ff900000000 00007ff9080930c7
0x0000003bd3cff5f0:   0000019bfbc62420 0000019bc627ada0
0x0000003bd3cff600:   00000000000003d8 0000019bfbc62808
0x0000003bd3cff610:   000000000000000d 00007ff907b9fd9a
0x0000003bd3cff620:   0000019bc5f9e9a0 0000000000000014
0x0000003bd3cff630:   0000003bd2afec70 0000019bdf0e3f80
0x0000003bd3cff640:   000000000000000d 0000000000000000
0x0000003bd3cff650:   00000000042a0cd2 0000000601a81618
0x0000003bd3cff660:   00007ff9082648d8 401bf25d6bebe165
0x0000003bd3cff670:   3efc8571c4640000 0000000000000011
0x0000003bd3cff680:   0000019bdf0dcd00 0000019bc5f9e9a0
0x0000003bd3cff690:   0000019bdf0c26a0 0000003bd2afeca0
0x0000003bd3cff6a0:   0000019b00000014 00000000000003d8
0x0000003bd3cff6b0:   0000000000000000 0000000000000000
0x0000003bd3cff6c0:   0000019bfbc62430 00007ff907b9fe87
0x0000003bd3cff6d0:   0000019bc5f9e9a0 000000000000000d
0x0000003bd3cff6e0:   0000019bc5e05650 0000003bd2afec70
0x0000003bd3cff6f0:   0000019b00000016 0000003bd2aff300
0x0000003bd3cff700:   0000003bd2afec70 00007ff907ba0d3b 

Instructions: (pc=0x00007ff907b69a97)
0x00007ff907b69997:   d2 89 85 04 02 00 00 f7 77 08 44 8b ca 3b d6 74
0x00007ff907b699a7:   b8 8b de 66 0f 1f 44 00 00 3b de 74 05 41 3b d9
0x00007ff907b699b7:   75 45 44 8b 85 04 02 00 00 b8 5f 0b 4e 83 41 f7
0x00007ff907b699c7:   e8 41 03 d0 c1 fa 10 8b c2 c1 e8 1f 03 d0 41 69
0x00007ff907b699d7:   c0 a7 41 00 00 69 ca ff ff ff 7f 2b c1 85 c0 8d
0x00007ff907b699e7:   88 ff ff ff 7f 0f 4e c1 33 d2 89 85 04 02 00 00
0x00007ff907b699f7:   f7 77 08 8b da eb b2 41 8b c1 4c 8d 1c c5 00 00
0x00007ff907b69a07:   00 00 48 8b 47 10 49 8b 0c 03 8b 81 00 01 00 00
0x00007ff907b69a17:   44 8b 81 80 00 00 00 44 2b c0 b8 00 00 00 00 41
0x00007ff907b69a27:   81 e0 ff ff 01 00 41 81 f8 ff ff 01 00 44 0f 44
0x00007ff907b69a37:   c0 8b c3 4c 8d 14 c5 00 00 00 00 48 8b 47 10 49
0x00007ff907b69a47:   8b 0c 02 8b 81 00 01 00 00 8b 91 80 00 00 00 33
0x00007ff907b69a57:   c9 2b d0 8b c1 81 e2 ff ff 01 00 81 fa ff ff 01
0x00007ff907b69a67:   00 0f 44 d1 41 3b d0 76 0a 48 8b 47 10 49 8b 0c
0x00007ff907b69a77:   02 eb 10 45 85 c0 74 18 48 8b 47 10 41 8b d9 49
0x00007ff907b69a87:   8b 0c 03 49 8b d7 e8 4e e6 ff ff 83 f8 02 74 05
0x00007ff907b69a97:   bb ff ff ff ff 89 9d 00 02 00 00 eb 14 75 17 8d
0x00007ff907b69aa7:   46 ff 49 8b d7 83 e0 01 48 8b 0c c1 e8 28 e6 ff
0x00007ff907b69ab7:   ff 83 f8 02 74 2b 41 ff c6 45 3b f4 0f 82 77 fe
0x00007ff907b69ac7:   ff ff 32 c0 48 8b 5c 24 50 48 8b 6c 24 58 48 8b
0x00007ff907b69ad7:   74 24 60 48 83 c4 20 41 5f 41 5e 41 5d 41 5c 5f
0x00007ff907b69ae7:   c3 b0 01 eb df cc cc cc cc 48 8b 89 50 06 00 00
0x00007ff907b69af7:   e9 14 2a 5a 00 cc cc cc cc 48 89 54 24 10 4c 89
0x00007ff907b69b07:   44 24 18 4c 89 4c 24 20 53 48 83 ec 20 48 8b d9
0x00007ff907b69b17:   4c 8d 4c 24 40 4c 8b c2 48 8d 0d 6a 18 95 00 ba
0x00007ff907b69b27:   01 00 00 00 e8 10 b7 2a 00 48 8b c3 48 83 c4 20
0x00007ff907b69b37:   5b c3 cc cc cc cc cc cc cc 48 89 5c 24 18 55 57
0x00007ff907b69b47:   41 57 48 83 ec 20 48 8b 41 18 4c 8b f9 8b 7a 38
0x00007ff907b69b57:   48 8d 4a 3c 48 8b da 48 8b 80 60 06 00 00 48 8b
0x00007ff907b69b67:   2c f8 8b 01 c1 e8 02 48 c1 e5 03 a8 01 0f 84 11
0x00007ff907b69b77:   01 00 00 8b 42 3c 83 f8 04 0f 85 60 01 00 00 48
0x00007ff907b69b87:   89 74 24 40 4c 89 74 24 48 4d 8b 77 10 0f 1f 40 


Stack slot to memory mapping:

stack at sp + 0 slots: 0x0000019bc5f90000 points into unknown readable memory: 0x0000019bc5132c10 | 10 2c 13 c5 9b 01 00 00
stack at sp + 1 slots: 0x0000000000000002 is an unknown value
stack at sp + 2 slots: 0x0 is null
stack at sp + 3 slots: 0x0000000000000018 is an unknown value
stack at sp + 4 slots: 0x000000000000000a is an unknown value
stack at sp + 5 slots: 0x0 is null
stack at sp + 6 slots: 0x0000019bc5f9e9a0 points into unknown readable memory: 0x00007ff908262068 | 68 20 26 08 f9 7f 00 00
stack at sp + 7 slots: 0x0000000000000003 is an unknown value


---------------  P R O C E S S  ---------------

Threads class SMR info:
_java_thread_list=0x0000019bc7730a00, length=55, elements={
0x0000019bdf0cbeb0, 0x0000019bfbb66e30, 0x0000019bfbb77f40, 0x0000019bfbb82150,
0x0000019bfbb82ed0, 0x0000019bfbb8a0b0, 0x0000019bfbbae2f0, 0x0000019bfbbb3360,
0x0000019bfbbba8e0, 0x0000019bc50680a0, 0x0000019bc51d9110, 0x0000019bc6ebcaf0,
0x0000019bc6901fc0, 0x0000019bc705c260, 0x0000019bc7283ae0, 0x0000019bc7284550,
0x0000019bc7045440, 0x0000019bc7057010, 0x0000019bc72d5870, 0x0000019bc7257f50,
0x0000019bc725a020, 0x0000019bc72585e0, 0x0000019bc7258c70, 0x0000019bc725a6b0,
0x0000019bc7259300, 0x0000019bc7259990, 0x0000019bc72578c0, 0x0000019bc8cfa5e0,
0x0000019bfbbb8da0, 0x0000019bc8cf77f0, 0x0000019bc8cfb300, 0x0000019bc8cfc020,
0x0000019bc8cf98c0, 0x0000019bc8cf7e80, 0x0000019bc8cf7160, 0x0000019bc8cfc6b0,
0x0000019bc8cfcd40, 0x0000019bc8cfb990, 0x0000019bc8cf9f50, 0x0000019bc8cfd3d0,
0x0000019bc8cf6ad0, 0x0000019bc8cf6440, 0x0000019bfbbb8000, 0x0000019bfbbbafb0,
0x0000019bc8cf8510, 0x0000019bc8cf9230, 0x0000019bc5643ae0, 0x0000019bc56418d0,
0x0000019bc5641fa0, 0x0000019bc5641200, 0x0000019bc8cfac70, 0x0000019bc8cfda60,
0x0000019bc54a4860, 0x0000019bc54a62a0, 0x0000019bc54a4ef0
}

Java Threads: ( => current thread )
  0x0000019bdf0cbeb0 JavaThread "main"                              [_thread_blocked, id=26340, stack(0x0000003bd2300000,0x0000003bd2400000) (1024K)]
  0x0000019bfbb66e30 JavaThread "Reference Handler"          daemon [_thread_blocked, id=26324, stack(0x0000003bd2b00000,0x0000003bd2c00000) (1024K)]
  0x0000019bfbb77f40 JavaThread "Finalizer"                  daemon [_thread_blocked, id=26292, stack(0x0000003bd2c00000,0x0000003bd2d00000) (1024K)]
  0x0000019bfbb82150 JavaThread "Signal Dispatcher"          daemon [_thread_blocked, id=24748, stack(0x0000003bd2d00000,0x0000003bd2e00000) (1024K)]
  0x0000019bfbb82ed0 JavaThread "Attach Listener"            daemon [_thread_blocked, id=19164, stack(0x0000003bd2e00000,0x0000003bd2f00000) (1024K)]
  0x0000019bfbb8a0b0 JavaThread "Service Thread"             daemon [_thread_blocked, id=24696, stack(0x0000003bd2f00000,0x0000003bd3000000) (1024K)]
  0x0000019bfbbae2f0 JavaThread "Monitor Deflation Thread"   daemon [_thread_blocked, id=24068, stack(0x0000003bd3000000,0x0000003bd3100000) (1024K)]
  0x0000019bfbbb3360 JavaThread "C2 CompilerThread0"         daemon [_thread_blocked, id=24100, stack(0x0000003bd3100000,0x0000003bd3200000) (1024K)]
  0x0000019bfbbba8e0 JavaThread "C1 CompilerThread0"         daemon [_thread_blocked, id=21684, stack(0x0000003bd3200000,0x0000003bd3300000) (1024K)]
  0x0000019bc50680a0 JavaThread "Common-Cleaner"             daemon [_thread_blocked, id=24676, stack(0x0000003bd3300000,0x0000003bd3400000) (1024K)]
  0x0000019bc51d9110 JavaThread "Notification Thread"        daemon [_thread_blocked, id=24828, stack(0x0000003bd3600000,0x0000003bd3700000) (1024K)]
  0x0000019bc6ebcaf0 JavaThread "Daemon health stats"               [_thread_blocked, id=26548, stack(0x0000003bd4800000,0x0000003bd4900000) (1024K)]
  0x0000019bc6901fc0 JavaThread "Incoming local TCP Connector on port 56474"        [_thread_in_native, id=26604, stack(0x0000003bd4900000,0x0000003bd4a00000) (1024K)]
  0x0000019bc705c260 JavaThread "Daemon periodic checks"            [_thread_blocked, id=26592, stack(0x0000003bd4a00000,0x0000003bd4b00000) (1024K)]
  0x0000019bc7283ae0 JavaThread "Daemon"                            [_thread_blocked, id=26588, stack(0x0000003bd4b00000,0x0000003bd4c00000) (1024K)]
  0x0000019bc7284550 JavaThread "Handler for socket connection from /127.0.0.1:56474 to /127.0.0.1:56475"        [_thread_in_native, id=26596, stack(0x0000003bd4c00000,0x0000003bd4d00000) (1024K)]
  0x0000019bc7045440 JavaThread "Cancel handler"                    [_thread_blocked, id=26572, stack(0x0000003bd4d00000,0x0000003bd4e00000) (1024K)]
  0x0000019bc7057010 JavaThread "Daemon worker"                     [_thread_blocked, id=26580, stack(0x0000003bd4e00000,0x0000003bd4f00000) (1024K)]
  0x0000019bc72d5870 JavaThread "Asynchronous log dispatcher for DefaultDaemonConnection: socket connection from /127.0.0.1:56474 to /127.0.0.1:56475"        [_thread_blocked, id=26608, stack(0x0000003bd4f00000,0x0000003bd5000000) (1024K)]
  0x0000019bc7257f50 JavaThread "Stdin handler"                     [_thread_blocked, id=22844, stack(0x0000003bd5000000,0x0000003bd5100000) (1024K)]
  0x0000019bc725a020 JavaThread "Daemon client event forwarder"        [_thread_blocked, id=11284, stack(0x0000003bd5100000,0x0000003bd5200000) (1024K)]
  0x0000019bc72585e0 JavaThread "Cache worker for journal cache (C:\Users\Administrator\.gradle\caches\journal-1)"        [_thread_blocked, id=26320, stack(0x0000003bd5200000,0x0000003bd5300000) (1024K)]
  0x0000019bc7258c70 JavaThread "File lock request listener"        [_thread_in_native, id=25368, stack(0x0000003bd5300000,0x0000003bd5400000) (1024K)]
  0x0000019bc725a6b0 JavaThread "Cache worker for file hash cache (C:\Users\Administrator\.gradle\caches\8.14.3\fileHashes)"        [_thread_blocked, id=26408, stack(0x0000003bd5400000,0x0000003bd5500000) (1024K)]
  0x0000019bc7259300 JavaThread "Cache worker for file hash cache (J:\Projects\Minecraft\BotWMCS\mods\Qubit\.gradle\8.14.3\fileHashes)"        [_thread_blocked, id=25040, stack(0x0000003bd5900000,0x0000003bd5a00000) (1024K)]
  0x0000019bc7259990 JavaThread "Cache worker for Build Output Cleanup Cache (J:\Projects\Minecraft\BotWMCS\mods\Qubit\.gradle\buildOutputCleanup)"        [_thread_blocked, id=25804, stack(0x0000003bd5a00000,0x0000003bd5b00000) (1024K)]
  0x0000019bc72578c0 JavaThread "File watcher server"        daemon [_thread_in_native, id=25992, stack(0x0000003bd3400000,0x0000003bd3500000) (1024K)]
  0x0000019bc8cfa5e0 JavaThread "File watcher consumer"      daemon [_thread_blocked, id=25784, stack(0x0000003bd3500000,0x0000003bd3600000) (1024K)]
  0x0000019bfbbb8da0 JavaThread "C2 CompilerThread1"         daemon [_thread_blocked, id=24764, stack(0x0000003bd3700000,0x0000003bd3800000) (1024K)]
  0x0000019bc8cf77f0 JavaThread "jar transforms"                    [_thread_blocked, id=24808, stack(0x0000003bd3800000,0x0000003bd3900000) (1024K)]
  0x0000019bc8cfb300 JavaThread "jar transforms Thread 2"           [_thread_blocked, id=23544, stack(0x0000003bd3900000,0x0000003bd3a00000) (1024K)]
  0x0000019bc8cfc020 JavaThread "jar transforms Thread 3"           [_thread_blocked, id=25808, stack(0x0000003bd5800000,0x0000003bd5900000) (1024K)]
  0x0000019bc8cf98c0 JavaThread "jar transforms Thread 4"           [_thread_blocked, id=23852, stack(0x0000003bd5b00000,0x0000003bd5c00000) (1024K)]
  0x0000019bc8cf7e80 JavaThread "jar transforms Thread 5"           [_thread_blocked, id=26000, stack(0x0000003bd5c00000,0x0000003bd5d00000) (1024K)]
  0x0000019bc8cf7160 JavaThread "jar transforms Thread 6"           [_thread_blocked, id=24956, stack(0x0000003bd5d00000,0x0000003bd5e00000) (1024K)]
  0x0000019bc8cfc6b0 JavaThread "jar transforms Thread 7"           [_thread_blocked, id=24976, stack(0x0000003bd5e00000,0x0000003bd5f00000) (1024K)]
  0x0000019bc8cfcd40 JavaThread "jar transforms Thread 8"           [_thread_blocked, id=25996, stack(0x0000003bd5f00000,0x0000003bd6000000) (1024K)]
  0x0000019bc8cfb990 JavaThread "jar transforms Thread 9"           [_thread_blocked, id=26008, stack(0x0000003bd6000000,0x0000003bd6100000) (1024K)]
  0x0000019bc8cf9f50 JavaThread "jar transforms Thread 10"          [_thread_blocked, id=25532, stack(0x0000003bd6100000,0x0000003bd6200000) (1024K)]
  0x0000019bc8cfd3d0 JavaThread "jar transforms Thread 11"          [_thread_blocked, id=16500, stack(0x0000003bd6200000,0x0000003bd6300000) (1024K)]
  0x0000019bc8cf6ad0 JavaThread "jar transforms Thread 12"          [_thread_blocked, id=24860, stack(0x0000003bd6300000,0x0000003bd6400000) (1024K)]
  0x0000019bc8cf6440 JavaThread "jar transforms Thread 13"          [_thread_blocked, id=26040, stack(0x0000003bd6400000,0x0000003bd6500000) (1024K)]
  0x0000019bfbbb8000 JavaThread "C2 CompilerThread2"         daemon [_thread_blocked, id=25636, stack(0x0000003bd6500000,0x0000003bd6600000) (1024K)]
  0x0000019bfbbbafb0 JavaThread "C1 CompilerThread1"         daemon [_thread_blocked, id=25652, stack(0x0000003bd6600000,0x0000003bd6700000) (1024K)]
  0x0000019bc8cf8510 JavaThread "jar transforms Thread 14"          [_thread_blocked, id=25644, stack(0x0000003bd6700000,0x0000003bd6800000) (1024K)]
  0x0000019bc8cf9230 JavaThread "jar transforms Thread 15"          [_thread_blocked, id=24980, stack(0x0000003bd6800000,0x0000003bd6900000) (1024K)]
  0x0000019bc5643ae0 JavaThread "C1 CompilerThread2"         daemon [_thread_blocked, id=21464, stack(0x0000003bd6900000,0x0000003bd6a00000) (1024K)]
  0x0000019bc56418d0 JavaThread "C1 CompilerThread3"         daemon [_thread_blocked, id=24348, stack(0x0000003bd6a00000,0x0000003bd6b00000) (1024K)]
  0x0000019bc5641fa0 JavaThread "C2 CompilerThread3"         daemon [_thread_blocked, id=26620, stack(0x0000003bd6b00000,0x0000003bd6c00000) (1024K)]
  0x0000019bc5641200 JavaThread "C2 CompilerThread4"         daemon [_thread_blocked, id=26612, stack(0x0000003bd6c00000,0x0000003bd6d00000) (1024K)]
  0x0000019bc8cfac70 JavaThread "Cache worker for checksums cache (J:\Projects\Minecraft\BotWMCS\mods\Qubit\.gradle\8.14.3\checksums)"        [_thread_blocked, id=25160, stack(0x0000003bd6d00000,0x0000003bd6e00000) (1024K)]
  0x0000019bc8cfda60 JavaThread "Cache worker for file content cache (C:\Users\Administrator\.gradle\caches\8.14.3\fileContent)"        [_thread_blocked, id=26412, stack(0x0000003bd6e00000,0x0000003bd6f00000) (1024K)]
  0x0000019bc54a4860 JavaThread "jar transforms Thread 16"          [_thread_blocked, id=23872, stack(0x0000003bd6f00000,0x0000003bd7000000) (1024K)]
  0x0000019bc54a62a0 JavaThread "Cache worker for cache directory md-supplier (C:\Users\Administrator\.gradle\caches\8.14.3\md-supplier)"        [_thread_blocked, id=22524, stack(0x0000003bd7000000,0x0000003bd7100000) (1024K)]
  0x0000019bc54a4ef0 JavaThread "Cache worker for cache directory md-rule (C:\Users\Administrator\.gradle\caches\8.14.3\md-rule)"        [_thread_blocked, id=23752, stack(0x0000003bd7100000,0x0000003bd7200000) (1024K)]
Total: 55

Other Threads:
  0x0000019bfbb515d0 VMThread "VM Thread"                           [id=25580, stack(0x0000003bd2a00000,0x0000003bd2b00000) (1024K)]
  0x0000019bfbb41240 WatcherThread "VM Periodic Task Thread"        [id=26344, stack(0x0000003bd2900000,0x0000003bd2a00000) (1024K)]
  0x0000019bdf1076a0 WorkerThread "GC Thread#0"                     [id=26316, stack(0x0000003bd2400000,0x0000003bd2500000) (1024K)]
  0x0000019bc627b110 WorkerThread "GC Thread#1"                     [id=25212, stack(0x0000003bd3a00000,0x0000003bd3b00000) (1024K)]
  0x0000019bc6393130 WorkerThread "GC Thread#2"                     [id=25392, stack(0x0000003bd3b00000,0x0000003bd3c00000) (1024K)]
=>0x0000019bc63934d0 WorkerThread "GC Thread#3"                     [id=25404, stack(0x0000003bd3c00000,0x0000003bd3d00000) (1024K)]
  0x0000019bc5e6f190 WorkerThread "GC Thread#4"                     [id=25428, stack(0x0000003bd3d00000,0x0000003bd3e00000) (1024K)]
  0x0000019bc571d6f0 WorkerThread "GC Thread#5"                     [id=22184, stack(0x0000003bd3e00000,0x0000003bd3f00000) (1024K)]
  0x0000019bc5f45d70 WorkerThread "GC Thread#6"                     [id=25252, stack(0x0000003bd3f00000,0x0000003bd4000000) (1024K)]
  0x0000019bc56563d0 WorkerThread "GC Thread#7"                     [id=25280, stack(0x0000003bd4000000,0x0000003bd4100000) (1024K)]
  0x0000019bc5656b40 WorkerThread "GC Thread#8"                     [id=25284, stack(0x0000003bd4100000,0x0000003bd4200000) (1024K)]
  0x0000019bc5e17620 WorkerThread "GC Thread#9"                     [id=20792, stack(0x0000003bd4200000,0x0000003bd4300000) (1024K)]
  0x0000019bc5e179c0 WorkerThread "GC Thread#10"                    [id=24564, stack(0x0000003bd4300000,0x0000003bd4400000) (1024K)]
  0x0000019bc5e17d60 WorkerThread "GC Thread#11"                    [id=24288, stack(0x0000003bd4400000,0x0000003bd4500000) (1024K)]
  0x0000019bc5e18100 WorkerThread "GC Thread#12"                    [id=26564, stack(0x0000003bd4500000,0x0000003bd4600000) (1024K)]
  0x0000019bc5e184a0 WorkerThread "GC Thread#13"                    [id=26584, stack(0x0000003bd4600000,0x0000003bd4700000) (1024K)]
  0x0000019bc5e18840 WorkerThread "GC Thread#14"                    [id=26568, stack(0x0000003bd4700000,0x0000003bd4800000) (1024K)]
  0x0000019bdf110520 ConcurrentGCThread "G1 Main Marker"            [id=24256, stack(0x0000003bd2500000,0x0000003bd2600000) (1024K)]
  0x0000019bdf111070 WorkerThread "G1 Conc#0"                       [id=26332, stack(0x0000003bd2600000,0x0000003bd2700000) (1024K)]
  0x0000019bc9660c60 WorkerThread "G1 Conc#1"                       [id=26488, stack(0x0000003bd5500000,0x0000003bd5600000) (1024K)]
  0x0000019bc9660180 WorkerThread "G1 Conc#2"                       [id=26304, stack(0x0000003bd5600000,0x0000003bd5700000) (1024K)]
  0x0000019bc965e480 WorkerThread "G1 Conc#3"                       [id=24820, stack(0x0000003bd5700000,0x0000003bd5800000) (1024K)]
  0x0000019bfb86e4e0 ConcurrentGCThread "G1 Refine#0"               [id=24076, stack(0x0000003bd2700000,0x0000003bd2800000) (1024K)]
  0x0000019bfba1a020 ConcurrentGCThread "G1 Service"                [id=26352, stack(0x0000003bd2800000,0x0000003bd2900000) (1024K)]
Total: 24

Threads with active compile tasks:
Total: 0

VM state: at safepoint (normal execution)

VM Mutex/Monitor currently owned by a thread:  ([mutex/lock_event])
[0x00007ff9084e5458] Threads_lock - owner thread: 0x0000019bfbb515d0
[0x00007ff9084e5558] Heap_lock - owner thread: 0x0000019bc7057010

Heap address: 0x00000000c0000000, size: 1024 MB, Compressed Oops mode: 32-bit

CDS archive(s) mapped at: [0x0000019b80000000-0x0000019b80c80000-0x0000019b80c80000), size 13107200, SharedBaseAddress: 0x0000019b80000000, ArchiveRelocationMode: 1.
Compressed class space mapped at: 0x0000019b81000000-0x0000019bc1000000, reserved size: 1073741824
Narrow klass base: 0x0000019b80000000, Narrow klass shift: 0, Narrow klass range: 0x100000000

GC Precious Log:
 CardTable entry size: 512
 Card Set container configuration: InlinePtr #cards 5 size 8 Array Of Cards #cards 12 size 40 Howl #buckets 4 coarsen threshold 1843 Howl Bitmap #cards 512 size 80 coarsen threshold 460 Card regions per heap region 1 cards per card region 2048
 CPUs: 20 total, 20 available
 Memory: 65433M
 Large Page Support: Disabled
 NUMA Support: Disabled
 Compressed Oops: Enabled (32-bit)
 Heap Region Size: 1M
 Heap Min Capacity: 8M
 Heap Initial Capacity: 1G
 Heap Max Capacity: 1G
 Pre-touch: Disabled
 Parallel Workers: 15
 Concurrent Workers: 4
 Concurrent Refinement Workers: 15
 Periodic GC: Disabled

Heap:
 garbage-first heap   total 109568K, used 97274K [0x00000000c0000000, 0x0000000100000000)
  region size 1024K, 35 young (35840K), 4 survivors (4096K)
 Metaspace       used 44227K, committed 45888K, reserved 1114112K
  class space    used 6404K, committed 7232K, reserved 1048576K

Heap Regions: E=young(eden), S=young(survivor), O=old, HS=humongous(starts), HC=humongous(continues), CS=collection set, F=free, TAMS=top-at-mark-start, PB=parsable bottom
|   0|0x00000000c0000000, 0x00000000c0100000, 0x00000000c0100000|100%|HS|  |TAMS 0x00000000c0100000| PB 0x00000000c0000000| Complete 
|   1|0x00000000c0100000, 0x00000000c0200000, 0x00000000c0200000|100%|HC|  |TAMS 0x00000000c0200000| PB 0x00000000c0100000| Complete 
|   2|0x00000000c0200000, 0x00000000c0300000, 0x00000000c0300000|100%|HC|  |TAMS 0x00000000c0300000| PB 0x00000000c0200000| Complete 
|   3|0x00000000c0300000, 0x00000000c0400000, 0x00000000c0400000|100%| O|  |TAMS 0x00000000c0400000| PB 0x00000000c0300000| Untracked 
|   4|0x00000000c0400000, 0x00000000c0500000, 0x00000000c0500000|100%|HS|  |TAMS 0x00000000c0500000| PB 0x00000000c0400000| Complete 
|   5|0x00000000c0500000, 0x00000000c0600000, 0x00000000c0600000|100%|HS|  |TAMS 0x00000000c0600000| PB 0x00000000c0500000| Complete 
|   6|0x00000000c0600000, 0x00000000c0700000, 0x00000000c0700000|100%| O|  |TAMS 0x00000000c0700000| PB 0x00000000c0600000| Untracked 
|   7|0x00000000c0700000, 0x00000000c0800000, 0x00000000c0800000|100%| O|  |TAMS 0x00000000c0800000| PB 0x00000000c0700000| Untracked 
|   8|0x00000000c0800000, 0x00000000c0900000, 0x00000000c0900000|100%| O|  |TAMS 0x00000000c0900000| PB 0x00000000c0800000| Untracked 
|   9|0x00000000c0900000, 0x00000000c0a00000, 0x00000000c0a00000|100%| O|  |TAMS 0x00000000c0a00000| PB 0x00000000c0900000| Untracked 
|  10|0x00000000c0a00000, 0x00000000c0b00000, 0x00000000c0b00000|100%| O|  |TAMS 0x00000000c0b00000| PB 0x00000000c0a00000| Untracked 
|  11|0x00000000c0b00000, 0x00000000c0c00000, 0x00000000c0c00000|100%| O|  |TAMS 0x00000000c0c00000| PB 0x00000000c0b00000| Untracked 
|  12|0x00000000c0c00000, 0x00000000c0d00000, 0x00000000c0d00000|100%| O|  |TAMS 0x00000000c0d00000| PB 0x00000000c0c00000| Untracked 
|  13|0x00000000c0d00000, 0x00000000c0e00000, 0x00000000c0e00000|100%|HS|  |TAMS 0x00000000c0e00000| PB 0x00000000c0d00000| Complete 
|  14|0x00000000c0e00000, 0x00000000c0f00000, 0x00000000c0f00000|100%|HC|  |TAMS 0x00000000c0f00000| PB 0x00000000c0e00000| Complete 
|  15|0x00000000c0f00000, 0x00000000c1000000, 0x00000000c1000000|100%|HC|  |TAMS 0x00000000c1000000| PB 0x00000000c0f00000| Complete 
|  16|0x00000000c1000000, 0x00000000c1100000, 0x00000000c1100000|100%|HC|  |TAMS 0x00000000c1100000| PB 0x00000000c1000000| Complete 
|  17|0x00000000c1100000, 0x00000000c1200000, 0x00000000c1200000|100%|HC|  |TAMS 0x00000000c1200000| PB 0x00000000c1100000| Complete 
|  18|0x00000000c1200000, 0x00000000c1300000, 0x00000000c1300000|100%|HC|  |TAMS 0x00000000c1300000| PB 0x00000000c1200000| Complete 
|  19|0x00000000c1300000, 0x00000000c1400000, 0x00000000c1400000|100%|HS|  |TAMS 0x00000000c1400000| PB 0x00000000c1300000| Complete 
|  20|0x00000000c1400000, 0x00000000c1500000, 0x00000000c1500000|100%|HC|  |TAMS 0x00000000c1500000| PB 0x00000000c1400000| Complete 
|  21|0x00000000c1500000, 0x00000000c1600000, 0x00000000c1600000|100%|HS|  |TAMS 0x00000000c1600000| PB 0x00000000c1500000| Complete 
|  22|0x00000000c1600000, 0x00000000c1700000, 0x00000000c1700000|100%|HS|  |TAMS 0x00000000c1700000| PB 0x00000000c1600000| Complete 
|  23|0x00000000c1700000, 0x00000000c1800000, 0x00000000c1800000|100%|HC|  |TAMS 0x00000000c1800000| PB 0x00000000c1700000| Complete 
|  24|0x00000000c1800000, 0x00000000c1900000, 0x00000000c1900000|100%|HC|  |TAMS 0x00000000c1900000| PB 0x00000000c1800000| Complete 
|  25|0x00000000c1900000, 0x00000000c1a00000, 0x00000000c1a00000|100%|HS|  |TAMS 0x00000000c1a00000| PB 0x00000000c1900000| Complete 
|  26|0x00000000c1a00000, 0x00000000c1b00000, 0x00000000c1b00000|100%|HC|  |TAMS 0x00000000c1b00000| PB 0x00000000c1a00000| Complete 
|  27|0x00000000c1b00000, 0x00000000c1c00000, 0x00000000c1c00000|100%|HC|  |TAMS 0x00000000c1c00000| PB 0x00000000c1b00000| Complete 
|  28|0x00000000c1c00000, 0x00000000c1d00000, 0x00000000c1d00000|100%|HC|  |TAMS 0x00000000c1d00000| PB 0x00000000c1c00000| Complete 
|  29|0x00000000c1d00000, 0x00000000c1e00000, 0x00000000c1e00000|100%|HC|  |TAMS 0x00000000c1e00000| PB 0x00000000c1d00000| Complete 
|  30|0x00000000c1e00000, 0x00000000c1f00000, 0x00000000c1f00000|100%|HC|  |TAMS 0x00000000c1f00000| PB 0x00000000c1e00000| Complete 
|  31|0x00000000c1f00000, 0x00000000c2000000, 0x00000000c2000000|100%|HS|  |TAMS 0x00000000c2000000| PB 0x00000000c1f00000| Complete 
|  32|0x00000000c2000000, 0x00000000c2100000, 0x00000000c2100000|100%|HS|  |TAMS 0x00000000c2100000| PB 0x00000000c2000000| Complete 
|  33|0x00000000c2100000, 0x00000000c2200000, 0x00000000c2200000|100%|HC|  |TAMS 0x00000000c2200000| PB 0x00000000c2100000| Complete 
|  34|0x00000000c2200000, 0x00000000c2300000, 0x00000000c2300000|100%|HS|  |TAMS 0x00000000c2300000| PB 0x00000000c2200000| Complete 
|  35|0x00000000c2300000, 0x00000000c2400000, 0x00000000c2400000|100%|HS|  |TAMS 0x00000000c2400000| PB 0x00000000c2300000| Complete 
|  36|0x00000000c2400000, 0x00000000c2500000, 0x00000000c2500000|100%|HC|  |TAMS 0x00000000c2500000| PB 0x00000000c2400000| Complete 
|  37|0x00000000c2500000, 0x00000000c2600000, 0x00000000c2600000|100%|HC|  |TAMS 0x00000000c2600000| PB 0x00000000c2500000| Complete 
|  38|0x00000000c2600000, 0x00000000c2700000, 0x00000000c2700000|100%| O|  |TAMS 0x00000000c2700000| PB 0x00000000c2600000| Untracked 
|  39|0x00000000c2700000, 0x00000000c2800000, 0x00000000c2800000|100%| O|  |TAMS 0x00000000c2800000| PB 0x00000000c2700000| Untracked 
|  40|0x00000000c2800000, 0x00000000c2900000, 0x00000000c2900000|100%| O|  |TAMS 0x00000000c2900000| PB 0x00000000c2800000| Untracked 
|  41|0x00000000c2900000, 0x00000000c2a00000, 0x00000000c2a00000|100%| O|  |TAMS 0x00000000c2a00000| PB 0x00000000c2900000| Untracked 
|  42|0x00000000c2a00000, 0x00000000c2b00000, 0x00000000c2b00000|100%| O|  |TAMS 0x00000000c2b00000| PB 0x00000000c2a00000| Untracked 
|  43|0x00000000c2b00000, 0x00000000c2c00000, 0x00000000c2c00000|100%| O|  |TAMS 0x00000000c2c00000| PB 0x00000000c2b00000| Untracked 
|  44|0x00000000c2c00000, 0x00000000c2d00000, 0x00000000c2d00000|100%| O|  |TAMS 0x00000000c2d00000| PB 0x00000000c2c00000| Untracked 
|  45|0x00000000c2d00000, 0x00000000c2e00000, 0x00000000c2e00000|100%| O|  |TAMS 0x00000000c2e00000| PB 0x00000000c2d00000| Untracked 
|  46|0x00000000c2e00000, 0x00000000c2f00000, 0x00000000c2f00000|100%| O|  |TAMS 0x00000000c2f00000| PB 0x00000000c2e00000| Untracked 
|  47|0x00000000c2f00000, 0x00000000c3000000, 0x00000000c3000000|100%| O|  |TAMS 0x00000000c3000000| PB 0x00000000c2f00000| Untracked 
|  48|0x00000000c3000000, 0x00000000c3100000, 0x00000000c3100000|100%| O|  |TAMS 0x00000000c3100000| PB 0x00000000c3000000| Untracked 
|  49|0x00000000c3100000, 0x00000000c3200000, 0x00000000c3200000|100%| O|  |TAMS 0x00000000c3200000| PB 0x00000000c3100000| Untracked 
|  50|0x00000000c3200000, 0x00000000c3200000, 0x00000000c3300000|  0%| F|  |TAMS 0x00000000c3200000| PB 0x00000000c3200000| Untracked 
|  51|0x00000000c3300000, 0x00000000c3300000, 0x00000000c3400000|  0%| F|  |TAMS 0x00000000c3300000| PB 0x00000000c3300000| Untracked 
|  52|0x00000000c3400000, 0x00000000c3400000, 0x00000000c3500000|  0%| F|  |TAMS 0x00000000c3400000| PB 0x00000000c3400000| Untracked 
|  53|0x00000000c3500000, 0x00000000c3500000, 0x00000000c3600000|  0%| F|  |TAMS 0x00000000c3500000| PB 0x00000000c3500000| Untracked 
|  54|0x00000000c3600000, 0x00000000c3600000, 0x00000000c3700000|  0%| F|  |TAMS 0x00000000c3600000| PB 0x00000000c3600000| Untracked 
|  55|0x00000000c3700000, 0x00000000c378eb70, 0x00000000c3800000| 55%| O|  |TAMS 0x00000000c378eb70| PB 0x00000000c3700000| Untracked 
|  56|0x00000000c3800000, 0x00000000c3800000, 0x00000000c3900000|  0%| F|  |TAMS 0x00000000c3800000| PB 0x00000000c3800000| Untracked 
|  57|0x00000000c3900000, 0x00000000c3900000, 0x00000000c3a00000|  0%| F|  |TAMS 0x00000000c3900000| PB 0x00000000c3900000| Untracked 
|  58|0x00000000c3a00000, 0x00000000c3ac5f30, 0x00000000c3b00000| 77%| S|  |TAMS 0x00000000c3a00000| PB 0x00000000c3a00000| Complete 
|  59|0x00000000c3b00000, 0x00000000c3c00000, 0x00000000c3c00000|100%| S|  |TAMS 0x00000000c3b00000| PB 0x00000000c3b00000| Complete 
|  60|0x00000000c3c00000, 0x00000000c3c6fcf0, 0x00000000c3d00000| 43%| E|CS|TAMS 0x00000000c3c00000| PB 0x00000000c3c00000| Complete 
|  61|0x00000000c3d00000, 0x00000000c3e00000, 0x00000000c3e00000|100%| E|CS|TAMS 0x00000000c3d00000| PB 0x00000000c3d00000| Complete 
|  62|0x00000000c3e00000, 0x00000000c3f00000, 0x00000000c3f00000|100%| E|CS|TAMS 0x00000000c3e00000| PB 0x00000000c3e00000| Complete 
|  63|0x00000000c3f00000, 0x00000000c4000000, 0x00000000c4000000|100%| S|  |TAMS 0x00000000c3f00000| PB 0x00000000c3f00000| Complete 
|  64|0x00000000c4000000, 0x00000000c4100000, 0x00000000c4100000|100%| S|  |TAMS 0x00000000c4000000| PB 0x00000000c4000000| Complete 
|  65|0x00000000c4100000, 0x00000000c4200000, 0x00000000c4200000|100%| E|CS|TAMS 0x00000000c4100000| PB 0x00000000c4100000| Complete 
|  66|0x00000000c4200000, 0x00000000c4300000, 0x00000000c4300000|100%| E|CS|TAMS 0x00000000c4200000| PB 0x00000000c4200000| Complete 
|  67|0x00000000c4300000, 0x00000000c4400000, 0x00000000c4400000|100%| E|CS|TAMS 0x00000000c4300000| PB 0x00000000c4300000| Complete 
|  68|0x00000000c4400000, 0x00000000c4500000, 0x00000000c4500000|100%| E|CS|TAMS 0x00000000c4400000| PB 0x00000000c4400000| Complete 
|  69|0x00000000c4500000, 0x00000000c4600000, 0x00000000c4600000|100%| E|CS|TAMS 0x00000000c4500000| PB 0x00000000c4500000| Complete 
|  70|0x00000000c4600000, 0x00000000c4700000, 0x00000000c4700000|100%| E|CS|TAMS 0x00000000c4600000| PB 0x00000000c4600000| Complete 
|  71|0x00000000c4700000, 0x00000000c4800000, 0x00000000c4800000|100%| E|CS|TAMS 0x00000000c4700000| PB 0x00000000c4700000| Complete 
|  72|0x00000000c4800000, 0x00000000c4900000, 0x00000000c4900000|100%| E|CS|TAMS 0x00000000c4800000| PB 0x00000000c4800000| Complete 
|  73|0x00000000c4900000, 0x00000000c4a00000, 0x00000000c4a00000|100%| E|CS|TAMS 0x00000000c4900000| PB 0x00000000c4900000| Complete 
|  74|0x00000000c4a00000, 0x00000000c4b00000, 0x00000000c4b00000|100%| E|CS|TAMS 0x00000000c4a00000| PB 0x00000000c4a00000| Complete 
|  75|0x00000000c4b00000, 0x00000000c4c00000, 0x00000000c4c00000|100%| E|CS|TAMS 0x00000000c4b00000| PB 0x00000000c4b00000| Complete 
|  76|0x00000000c4c00000, 0x00000000c4d00000, 0x00000000c4d00000|100%| E|CS|TAMS 0x00000000c4c00000| PB 0x00000000c4c00000| Complete 
|  77|0x00000000c4d00000, 0x00000000c4e00000, 0x00000000c4e00000|100%| E|CS|TAMS 0x00000000c4d00000| PB 0x00000000c4d00000| Complete 
|  78|0x00000000c4e00000, 0x00000000c4f00000, 0x00000000c4f00000|100%| E|CS|TAMS 0x00000000c4e00000| PB 0x00000000c4e00000| Complete 
|  79|0x00000000c4f00000, 0x00000000c5000000, 0x00000000c5000000|100%| E|CS|TAMS 0x00000000c4f00000| PB 0x00000000c4f00000| Complete 
|  80|0x00000000c5000000, 0x00000000c5100000, 0x00000000c5100000|100%| E|CS|TAMS 0x00000000c5000000| PB 0x00000000c5000000| Complete 
| 910|0x00000000f8e00000, 0x00000000f8f00000, 0x00000000f8f00000|100%| E|CS|TAMS 0x00000000f8e00000| PB 0x00000000f8e00000| Complete 
| 911|0x00000000f8f00000, 0x00000000f9000000, 0x00000000f9000000|100%| E|CS|TAMS 0x00000000f8f00000| PB 0x00000000f8f00000| Complete 
| 912|0x00000000f9000000, 0x00000000f9100000, 0x00000000f9100000|100%| E|CS|TAMS 0x00000000f9000000| PB 0x00000000f9000000| Complete 
| 913|0x00000000f9100000, 0x00000000f9200000, 0x00000000f9200000|100%| E|CS|TAMS 0x00000000f9100000| PB 0x00000000f9100000| Complete 
| 914|0x00000000f9200000, 0x00000000f9300000, 0x00000000f9300000|100%| E|CS|TAMS 0x00000000f9200000| PB 0x00000000f9200000| Complete 
| 915|0x00000000f9300000, 0x00000000f9400000, 0x00000000f9400000|100%| E|CS|TAMS 0x00000000f9300000| PB 0x00000000f9300000| Complete 
| 916|0x00000000f9400000, 0x00000000f9500000, 0x00000000f9500000|100%| E|CS|TAMS 0x00000000f9400000| PB 0x00000000f9400000| Complete 
| 917|0x00000000f9500000, 0x00000000f9600000, 0x00000000f9600000|100%| E|CS|TAMS 0x00000000f9500000| PB 0x00000000f9500000| Complete 
| 918|0x00000000f9600000, 0x00000000f9700000, 0x00000000f9700000|100%| E|CS|TAMS 0x00000000f9600000| PB 0x00000000f9600000| Complete 
| 919|0x00000000f9700000, 0x00000000f9800000, 0x00000000f9800000|100%| E|CS|TAMS 0x00000000f9700000| PB 0x00000000f9700000| Complete 
| 920|0x00000000f9800000, 0x00000000f9900000, 0x00000000f9900000|100%| E|CS|TAMS 0x00000000f9800000| PB 0x00000000f9800000| Complete 
| 921|0x00000000f9900000, 0x00000000f9a00000, 0x00000000f9a00000|100%| E|CS|TAMS 0x00000000f9900000| PB 0x00000000f9900000| Complete 
|1010|0x00000000ff200000, 0x00000000ff300000, 0x00000000ff300000|100%| O|  |TAMS 0x00000000ff300000| PB 0x00000000ff200000| Untracked 
|1011|0x00000000ff300000, 0x00000000ff400000, 0x00000000ff400000|100%| E|CS|TAMS 0x00000000ff300000| PB 0x00000000ff300000| Complete 
|1012|0x00000000ff400000, 0x00000000ff500000, 0x00000000ff500000|100%| O|  |TAMS 0x00000000ff500000| PB 0x00000000ff400000| Untracked 
|1013|0x00000000ff500000, 0x00000000ff600000, 0x00000000ff600000|100%| O|  |TAMS 0x00000000ff600000| PB 0x00000000ff500000| Untracked 
|1014|0x00000000ff600000, 0x00000000ff700000, 0x00000000ff700000|100%| O|  |TAMS 0x00000000ff700000| PB 0x00000000ff600000| Untracked 
|1015|0x00000000ff700000, 0x00000000ff800000, 0x00000000ff800000|100%| O|  |TAMS 0x00000000ff800000| PB 0x00000000ff700000| Untracked 
|1016|0x00000000ff800000, 0x00000000ff900000, 0x00000000ff900000|100%| O|  |TAMS 0x00000000ff900000| PB 0x00000000ff800000| Untracked 
|1017|0x00000000ff900000, 0x00000000ffa00000, 0x00000000ffa00000|100%| O|  |TAMS 0x00000000ffa00000| PB 0x00000000ff900000| Untracked 
|1018|0x00000000ffa00000, 0x00000000ffb00000, 0x00000000ffb00000|100%| O|  |TAMS 0x00000000ffb00000| PB 0x00000000ffa00000| Untracked 
|1019|0x00000000ffb00000, 0x00000000ffc00000, 0x00000000ffc00000|100%| O|  |TAMS 0x00000000ffc00000| PB 0x00000000ffb00000| Untracked 
|1020|0x00000000ffc00000, 0x00000000ffd00000, 0x00000000ffd00000|100%| O|  |TAMS 0x00000000ffd00000| PB 0x00000000ffc00000| Untracked 
|1021|0x00000000ffd00000, 0x00000000ffe00000, 0x00000000ffe00000|100%| O|  |TAMS 0x00000000ffe00000| PB 0x00000000ffd00000| Untracked 
|1022|0x00000000ffe00000, 0x00000000fff00000, 0x00000000fff00000|100%| E|CS|TAMS 0x00000000ffe00000| PB 0x00000000ffe00000| Complete 
|1023|0x00000000fff00000, 0x0000000100000000, 0x0000000100000000|100%| E|CS|TAMS 0x00000000fff00000| PB 0x00000000fff00000| Complete 

Card table byte_map: [0x0000019bf7480000,0x0000019bf7680000] _byte_map_base: 0x0000019bf6e80000

Marking Bits: (CMBitMap*) 0x0000019bdf107c40
 Bits: [0x0000019bf7680000, 0x0000019bf8680000)

Polling page: 0x0000019bdce90000

Metaspace:

Usage:
  Non-class:     36.94 MB used.
      Class:      6.25 MB used.
       Both:     43.19 MB used.

Virtual space:
  Non-class space:       64.00 MB reserved,      37.75 MB ( 59%) committed,  1 nodes.
      Class space:        1.00 GB reserved,       7.06 MB ( <1%) committed,  1 nodes.
             Both:        1.06 GB reserved,      44.81 MB (  4%) committed. 

Chunk freelists:
   Non-Class:  10.27 MB
       Class:  8.86 MB
        Both:  19.12 MB

MaxMetaspaceSize: unlimited
CompressedClassSpaceSize: 1.00 GB
Initial GC threshold: 21.00 MB
Current GC threshold: 58.88 MB
CDS: on
 - commit_granule_bytes: 65536.
 - commit_granule_words: 8192.
 - virtual_space_node_default_size: 8388608.
 - enlarge_chunks_in_place: 1.
 - use_allocation_guard: 0.


Internal statistics:

num_allocs_failed_limit: 6.
num_arena_births: 2822.
num_arena_deaths: 0.
num_vsnodes_births: 2.
num_vsnodes_deaths: 0.
num_space_committed: 717.
num_space_uncommitted: 0.
num_chunks_returned_to_freelist: 6.
num_chunks_taken_from_freelist: 4912.
num_chunk_merges: 6.
num_chunk_splits: 3156.
num_chunks_enlarged: 1895.
num_inconsistent_stats: 0.

CodeHeap 'non-profiled nmethods': size=119168Kb used=3151Kb max_used=3151Kb free=116016Kb
 bounds [0x0000019bef370000, 0x0000019bef690000, 0x0000019bf67d0000]
CodeHeap 'profiled nmethods': size=119104Kb used=9309Kb max_used=9309Kb free=109794Kb
 bounds [0x0000019be77d0000, 0x0000019be80f0000, 0x0000019beec20000]
CodeHeap 'non-nmethods': size=7488Kb used=4398Kb max_used=4467Kb free=3089Kb
 bounds [0x0000019beec20000, 0x0000019bef090000, 0x0000019bef370000]
CodeCache: size=245760Kb, used=16858Kb, max_used=16927Kb, free=228899Kb
 total_blobs=5635, nmethods=4789, adapters=747, full_count=0
Compilation: enabled, stopped_count=0, restarted_count=0

Compilation events (20 events):
Event: 6.954 Thread 0x0000019bfbbb3360 nmethod 5290 0x0000019bef680b90 code [0x0000019bef680d40, 0x0000019bef6811a0]
Event: 6.955 Thread 0x0000019bc5641200 nmethod 5299 0x0000019bef681c90 code [0x0000019bef681e40, 0x0000019bef682388]
Event: 6.957 Thread 0x0000019bc5643ae0 5304       3       sun.reflect.generics.parser.SignatureParser::parseMethodTypeSignature (41 bytes)
Event: 6.957 Thread 0x0000019bc5643ae0 nmethod 5304 0x0000019be80e5490 code [0x0000019be80e56c0, 0x0000019be80e5be8]
Event: 6.957 Thread 0x0000019bfbbbafb0 5305       3       org.gradle.model.internal.asm.MethodVisitorScope::_GOTO (9 bytes)
Event: 6.957 Thread 0x0000019bfbbb8da0 5306       4       org.objectweb.asm.Type::getArgumentsAndReturnSizes (140 bytes)
Event: 6.957 Thread 0x0000019bfbbbafb0 nmethod 5305 0x0000019be80e5e10 code [0x0000019be80e5fc0, 0x0000019be80e6230]
Event: 6.962 Thread 0x0000019bfbbb8da0 nmethod 5306 0x0000019bef682610 code [0x0000019bef682840, 0x0000019bef6830b0]
Event: 6.963 Thread 0x0000019bfbbbafb0 5307       3       com.google.common.collect.RegularImmutableSet::size (6 bytes)
Event: 6.963 Thread 0x0000019bfbbbafb0 nmethod 5307 0x0000019be80e6310 code [0x0000019be80e64a0, 0x0000019be80e65b8]
Event: 6.963 Thread 0x0000019bfbbb3360 5308       4       org.objectweb.asm.ByteVector::putInt (74 bytes)
Event: 6.964 Thread 0x0000019bfbbb3360 nmethod 5308 0x0000019bef683790 code [0x0000019bef683940, 0x0000019bef683b50]
Event: 6.967 Thread 0x0000019bfbbbafb0 5309       3       java.lang.invoke.DirectMethodHandle$Special::<init> (16 bytes)
Event: 6.967 Thread 0x0000019bfbbbafb0 nmethod 5309 0x0000019be80e6690 code [0x0000019be80e6840, 0x0000019be80e69e0]
Event: 6.967 Thread 0x0000019bfbbba8e0 5310       3       com.google.common.collect.ImmutableMapEntry$NonTerminalImmutableMapEntry::<init> (12 bytes)
Event: 6.968 Thread 0x0000019bfbbba8e0 nmethod 5310 0x0000019be80e6a90 code [0x0000019be80e6c60, 0x0000019be80e7048]
Event: 6.972 Thread 0x0000019bc5643ae0 5311       1       org.gradle.api.attributes.Attribute::hashCode (5 bytes)
Event: 6.972 Thread 0x0000019bc5643ae0 nmethod 5311 0x0000019bef683c90 code [0x0000019bef683e20, 0x0000019bef683ee8]
Event: 6.977 Thread 0x0000019bc56418d0 5312       3       java.lang.invoke.MethodHandles$Lookup::restrictReceiver (127 bytes)
Event: 6.978 Thread 0x0000019bc56418d0 nmethod 5312 0x0000019be80e7210 code [0x0000019be80e7420, 0x0000019be80e7940]

GC Heap History (17 events):
Event: 0.637 GC heap before
{Heap before GC invocations=0 (full 0):
 garbage-first heap   total 1048576K, used 54272K [0x00000000c0000000, 0x0000000100000000)
  region size 1024K, 51 young (52224K), 0 survivors (0K)
 Metaspace       used 4506K, committed 4672K, reserved 1114112K
  class space    used 563K, committed 640K, reserved 1048576K
}
Event: 0.647 GC heap after
{Heap after GC invocations=1 (full 0):
 garbage-first heap   total 1048576K, used 11042K [0x00000000c0000000, 0x0000000100000000)
  region size 1024K, 7 young (7168K), 7 survivors (7168K)
 Metaspace       used 4506K, committed 4672K, reserved 1114112K
  class space    used 563K, committed 640K, reserved 1048576K
}
Event: 0.917 GC heap before
{Heap before GC invocations=1 (full 0):
 garbage-first heap   total 1048576K, used 67362K [0x00000000c0000000, 0x0000000100000000)
  region size 1024K, 60 young (61440K), 7 survivors (7168K)
 Metaspace       used 4615K, committed 4736K, reserved 1114112K
  class space    used 565K, committed 640K, reserved 1048576K
}
Event: 0.920 GC heap after
{Heap after GC invocations=2 (full 0):
 garbage-first heap   total 1048576K, used 16170K [0x00000000c0000000, 0x0000000100000000)
  region size 1024K, 5 young (5120K), 5 survivors (5120K)
 Metaspace       used 4615K, committed 4736K, reserved 1114112K
  class space    used 565K, committed 640K, reserved 1048576K
}
Event: 2.109 GC heap before
{Heap before GC invocations=2 (full 0):
 garbage-first heap   total 1048576K, used 114474K [0x00000000c0000000, 0x0000000100000000)
  region size 1024K, 102 young (104448K), 5 survivors (5120K)
 Metaspace       used 20910K, committed 21504K, reserved 1114112K
  class space    used 3047K, committed 3328K, reserved 1048576K
}
Event: 2.128 GC heap after
{Heap after GC invocations=3 (full 0):
 garbage-first heap   total 1048576K, used 24093K [0x00000000c0000000, 0x0000000100000000)
  region size 1024K, 12 young (12288K), 12 survivors (12288K)
 Metaspace       used 20910K, committed 21504K, reserved 1114112K
  class space    used 3047K, committed 3328K, reserved 1048576K
}
Event: 5.674 GC heap before
{Heap before GC invocations=4 (full 0):
 garbage-first heap   total 81920K, used 80413K [0x00000000c0000000, 0x0000000100000000)
  region size 1024K, 55 young (56320K), 12 survivors (12288K)
 Metaspace       used 25502K, committed 26496K, reserved 1114112K
  class space    used 3831K, committed 4288K, reserved 1048576K
}
Event: 5.678 GC heap after
{Heap after GC invocations=5 (full 0):
 garbage-first heap   total 98304K, used 41306K [0x00000000c0000000, 0x0000000100000000)
  region size 1024K, 12 young (12288K), 12 survivors (12288K)
 Metaspace       used 25502K, committed 26496K, reserved 1114112K
  class space    used 3831K, committed 4288K, reserved 1048576K
}
Event: 6.042 GC heap before
{Heap before GC invocations=5 (full 0):
 garbage-first heap   total 98304K, used 92506K [0x00000000c0000000, 0x0000000100000000)
  region size 1024K, 49 young (50176K), 12 survivors (12288K)
 Metaspace       used 30193K, committed 31232K, reserved 1114112K
  class space    used 4556K, committed 5056K, reserved 1048576K
}
Event: 6.045 GC heap after
{Heap after GC invocations=6 (full 0):
 garbage-first heap   total 109568K, used 57485K [0x00000000c0000000, 0x0000000100000000)
  region size 1024K, 7 young (7168K), 7 survivors (7168K)
 Metaspace       used 30193K, committed 31232K, reserved 1114112K
  class space    used 4556K, committed 5056K, reserved 1048576K
}
Event: 6.240 GC heap before
{Heap before GC invocations=6 (full 0):
 garbage-first heap   total 109568K, used 76941K [0x00000000c0000000, 0x0000000100000000)
  region size 1024K, 28 young (28672K), 7 survivors (7168K)
 Metaspace       used 34948K, committed 35968K, reserved 1114112K
  class space    used 5043K, committed 5504K, reserved 1048576K
}
Event: 6.243 GC heap after
{Heap after GC invocations=7 (full 0):
 garbage-first heap   total 109568K, used 60040K [0x00000000c0000000, 0x0000000100000000)
  region size 1024K, 6 young (6144K), 6 survivors (6144K)
 Metaspace       used 34948K, committed 35968K, reserved 1114112K
  class space    used 5043K, committed 5504K, reserved 1048576K
}
Event: 6.453 GC heap before
{Heap before GC invocations=8 (full 0):
 garbage-first heap   total 109568K, used 98952K [0x00000000c0000000, 0x0000000100000000)
  region size 1024K, 40 young (40960K), 6 survivors (6144K)
 Metaspace       used 37074K, committed 38272K, reserved 1114112K
  class space    used 5237K, committed 5824K, reserved 1048576K
}
Event: 6.455 GC heap after
{Heap after GC invocations=9 (full 0):
 garbage-first heap   total 109568K, used 63212K [0x00000000c0000000, 0x0000000100000000)
  region size 1024K, 5 young (5120K), 5 survivors (5120K)
 Metaspace       used 37074K, committed 38272K, reserved 1114112K
  class space    used 5237K, committed 5824K, reserved 1048576K
}
Event: 6.731 GC heap before
{Heap before GC invocations=9 (full 0):
 garbage-first heap   total 109568K, used 95980K [0x00000000c0000000, 0x0000000100000000)
  region size 1024K, 37 young (37888K), 5 survivors (5120K)
 Metaspace       used 40457K, committed 41920K, reserved 1114112K
  class space    used 5772K, committed 6464K, reserved 1048576K
}
Event: 6.734 GC heap after
{Heap after GC invocations=10 (full 0):
 garbage-first heap   total 109568K, used 65530K [0x00000000c0000000, 0x0000000100000000)
  region size 1024K, 3 young (3072K), 3 survivors (3072K)
 Metaspace       used 40457K, committed 41920K, reserved 1114112K
  class space    used 5772K, committed 6464K, reserved 1048576K
}
Event: 6.985 GC heap before
{Heap before GC invocations=10 (full 0):
 garbage-first heap   total 109568K, used 97274K [0x00000000c0000000, 0x0000000100000000)
  region size 1024K, 34 young (34816K), 3 survivors (3072K)
 Metaspace       used 44227K, committed 45888K, reserved 1114112K
  class space    used 6404K, committed 7232K, reserved 1048576K
}

Dll operation events (15 events):
Event: 0.006 Loaded shared library C:\Program Files\Eclipse Adoptium\jdk-21.0.8.9-hotspot\bin\java.dll
Event: 0.048 Loaded shared library C:\Program Files\Eclipse Adoptium\jdk-21.0.8.9-hotspot\bin\jsvml.dll
Event: 0.080 Loaded shared library C:\Program Files\Eclipse Adoptium\jdk-21.0.8.9-hotspot\bin\zip.dll
Event: 0.083 Loaded shared library C:\Program Files\Eclipse Adoptium\jdk-21.0.8.9-hotspot\bin\instrument.dll
Event: 0.086 Loaded shared library C:\Program Files\Eclipse Adoptium\jdk-21.0.8.9-hotspot\bin\net.dll
Event: 0.087 Loaded shared library C:\Program Files\Eclipse Adoptium\jdk-21.0.8.9-hotspot\bin\nio.dll
Event: 0.088 Loaded shared library C:\Program Files\Eclipse Adoptium\jdk-21.0.8.9-hotspot\bin\zip.dll
Event: 0.263 Loaded shared library C:\Program Files\Eclipse Adoptium\jdk-21.0.8.9-hotspot\bin\jimage.dll
Event: 0.364 Loaded shared library C:\Program Files\Eclipse Adoptium\jdk-21.0.8.9-hotspot\bin\verify.dll
Event: 0.419 Loaded shared library C:\Users\Administrator\.gradle\native\1def1411415f61bf3af743bc5b6707747c0891f09f0c88961ee8f79bc544acac\windows-amd64\native-platform.dll
Event: 0.427 Loaded shared library C:\Users\Administrator\.gradle\native\0.2.7\x86_64-windows-gnu\gradle-fileevents.dll
Event: 1.060 Loaded shared library C:\Program Files\Eclipse Adoptium\jdk-21.0.8.9-hotspot\bin\management.dll
Event: 1.061 Loaded shared library C:\Program Files\Eclipse Adoptium\jdk-21.0.8.9-hotspot\bin\management_ext.dll
Event: 1.140 Loaded shared library C:\Program Files\Eclipse Adoptium\jdk-21.0.8.9-hotspot\bin\extnet.dll
Event: 1.250 Loaded shared library C:\Program Files\Eclipse Adoptium\jdk-21.0.8.9-hotspot\bin\sunmscapi.dll

Deoptimization events (20 events):
Event: 6.776 Thread 0x0000019bc7057010 Uncommon trap: trap_request=0xffffff45 fr.pc=0x0000019bef4745f8 relative=0x0000000000000b18
Event: 6.776 Thread 0x0000019bc7057010 Uncommon trap: reason=unstable_if action=reinterpret pc=0x0000019bef4745f8 method=org.objectweb.asm.Frame.push(I)V @ 26 c2
Event: 6.776 Thread 0x0000019bc7057010 DEOPT PACKING pc=0x0000019bef4745f8 sp=0x0000003bd4ef67a0
Event: 6.776 Thread 0x0000019bc7057010 DEOPT UNPACKING pc=0x0000019beec746a2 sp=0x0000003bd4ef66a8 mode 2
Event: 6.791 Thread 0x0000019bc7057010 Uncommon trap: trap_request=0xffffff3d fr.pc=0x0000019bef5ccd78 relative=0x0000000000000cf8
Event: 6.791 Thread 0x0000019bc7057010 Uncommon trap: reason=unstable_fused_if action=reinterpret pc=0x0000019bef5ccd78 method=org.objectweb.asm.ByteVector.putUTF8(Ljava/lang/String;)Lorg/objectweb/asm/ByteVector; @ 93 c2
Event: 6.791 Thread 0x0000019bc7057010 DEOPT PACKING pc=0x0000019bef5ccd78 sp=0x0000003bd4ef5a90
Event: 6.791 Thread 0x0000019bc7057010 DEOPT UNPACKING pc=0x0000019beec746a2 sp=0x0000003bd4ef59e8 mode 2
Event: 6.914 Thread 0x0000019bc7057010 Uncommon trap: trap_request=0xffffff45 fr.pc=0x0000019bef606354 relative=0x0000000000000134
Event: 6.914 Thread 0x0000019bc7057010 Uncommon trap: reason=unstable_if action=reinterpret pc=0x0000019bef606354 method=java.util.Arrays.hashCode([Ljava/lang/Object;)I @ 34 c2
Event: 6.914 Thread 0x0000019bc7057010 DEOPT PACKING pc=0x0000019bef606354 sp=0x0000003bd4ef7920
Event: 6.914 Thread 0x0000019bc7057010 DEOPT UNPACKING pc=0x0000019beec746a2 sp=0x0000003bd4ef7898 mode 2
Event: 6.925 Thread 0x0000019bc7057010 Uncommon trap: trap_request=0xffffff45 fr.pc=0x0000019bef446544 relative=0x00000000000000a4
Event: 6.925 Thread 0x0000019bc7057010 Uncommon trap: reason=unstable_if action=reinterpret pc=0x0000019bef446544 method=java.lang.ref.ReferenceQueue.poll()Ljava/lang/ref/Reference; @ 4 c2
Event: 6.925 Thread 0x0000019bc7057010 DEOPT PACKING pc=0x0000019bef446544 sp=0x0000003bd4ef61e0
Event: 6.925 Thread 0x0000019bc7057010 DEOPT UNPACKING pc=0x0000019beec746a2 sp=0x0000003bd4ef60c8 mode 2
Event: 6.931 Thread 0x0000019bc7057010 Uncommon trap: trap_request=0xffffff45 fr.pc=0x0000019bef523790 relative=0x0000000000000070
Event: 6.931 Thread 0x0000019bc7057010 Uncommon trap: reason=unstable_if action=reinterpret pc=0x0000019bef523790 method=java.lang.Class.getComponentType()Ljava/lang/Class; @ 4 c2
Event: 6.931 Thread 0x0000019bc7057010 DEOPT PACKING pc=0x0000019bef523790 sp=0x0000003bd4ef6710
Event: 6.931 Thread 0x0000019bc7057010 DEOPT UNPACKING pc=0x0000019beec746a2 sp=0x0000003bd4ef66a0 mode 2

Classes loaded (20 events):
Event: 6.721 Loading class java/lang/invoke/BoundMethodHandle$Species_LLLLLLLLLLLLLLLLLLLLLLLLLL
Event: 6.721 Loading class java/lang/invoke/BoundMethodHandle$Species_LLLLLLLLLLLLLLLLLLLLLLLLLL done
Event: 6.722 Loading class java/lang/invoke/BoundMethodHandle$Species_LLLLLLLLLLLLLLLLLLLLLLLLLLL
Event: 6.722 Loading class java/lang/invoke/BoundMethodHandle$Species_LLLLLLLLLLLLLLLLLLLLLLLLLLL done
Event: 6.723 Loading class java/lang/invoke/BoundMethodHandle$Species_LLLLLLLLLLLLLLLLLLLLLLLLLLLL
Event: 6.723 Loading class java/lang/invoke/BoundMethodHandle$Species_LLLLLLLLLLLLLLLLLLLLLLLLLLLL done
Event: 6.723 Loading class java/lang/invoke/BoundMethodHandle$Species_LLLLLLLLLLLLLLLLLLLLLLLLLLLLL
Event: 6.723 Loading class java/lang/invoke/BoundMethodHandle$Species_LLLLLLLLLLLLLLLLLLLLLLLLLLLLL done
Event: 6.724 Loading class java/lang/invoke/BoundMethodHandle$Species_LLLLLLLLLLLLLLLLLLLLLLLLLLLLLL
Event: 6.724 Loading class java/lang/invoke/BoundMethodHandle$Species_LLLLLLLLLLLLLLLLLLLLLLLLLLLLLL done
Event: 6.725 Loading class java/lang/invoke/BoundMethodHandle$Species_LLLLLLLLLLLLLLLLLLLLLLLLLLLLLLL
Event: 6.725 Loading class java/lang/invoke/BoundMethodHandle$Species_LLLLLLLLLLLLLLLLLLLLLLLLLLLLLLL done
Event: 6.726 Loading class java/lang/invoke/BoundMethodHandle$Species_LLLLLLLLLLLLLLLLLLLLLLLLLLLLLLLL
Event: 6.726 Loading class java/lang/invoke/BoundMethodHandle$Species_LLLLLLLLLLLLLLLLLLLLLLLLLLLLLLLL done
Event: 6.918 Loading class java/util/PrimitiveIterator$OfInt
Event: 6.918 Loading class java/util/PrimitiveIterator
Event: 6.918 Loading class java/util/PrimitiveIterator done
Event: 6.918 Loading class java/util/PrimitiveIterator$OfInt done
Event: 6.920 Loading class java/util/concurrent/RecursiveAction
Event: 6.920 Loading class java/util/concurrent/RecursiveAction done

Classes unloaded (0 events):
No events

Classes redefined (0 events):
No events

Internal exceptions (20 events):
Event: 6.807 Thread 0x0000019bc7057010 Exception <a 'java/lang/NoSuchMethodError'{0x00000000f923ae78}: 'java.lang.Object java.lang.invoke.Invokers$Holder.linkToTargetMethod(java.lang.Object, java.lang.Object, java.lang.Object, int, java.lang.Object)'> (0x00000000f923ae78) 
thrown [s\src\hotspot\share\interpreter\linkResolver.cpp, line 773]
Event: 6.839 Thread 0x0000019bc7057010 Exception <a 'java/lang/NoSuchMethodError'{0x00000000f8f2c390}: 'int java.lang.invoke.DirectMethodHandle$Holder.invokeInterface(java.lang.Object, java.lang.Object, java.lang.Object, java.lang.Object)'> (0x00000000f8f2c390) 
thrown [s\src\hotspot\share\interpreter\linkResolver.cpp, line 773]
Event: 6.862 Thread 0x0000019bc7057010 Exception <a 'java/lang/NoSuchMethodError'{0x00000000c508a190}: 'java.lang.Object java.lang.invoke.DirectMethodHandle$Holder.invokeStatic(java.lang.Object, long, java.lang.Object)'> (0x00000000c508a190) 
thrown [s\src\hotspot\share\interpreter\linkResolver.cpp, line 773]
Event: 6.863 Thread 0x0000019bc7057010 Exception <a 'java/lang/NoSuchMethodError'{0x00000000c50917c8}: 'java.lang.Object java.lang.invoke.DirectMethodHandle$Holder.newInvokeSpecial(java.lang.Object, long)'> (0x00000000c50917c8) 
thrown [s\src\hotspot\share\interpreter\linkResolver.cpp, line 773]
Event: 6.867 Thread 0x0000019bc7057010 Exception <a 'java/lang/NoSuchMethodError'{0x00000000c50f8720}: 'java.lang.Object java.lang.invoke.DirectMethodHandle$Holder.newInvokeSpecial(java.lang.Object, java.lang.Object, java.lang.Object, java.lang.Object, java.lang.Object, long, java.lang.Object)'> (0x00000000c50f8720) 
thrown [s\src\hotspot\share\interpreter\linkResolver.cpp, line 773]
Event: 6.867 Thread 0x0000019bc7057010 Exception <a 'java/lang/NoSuchMethodError'{0x00000000c4f08a38}: 'java.lang.Object java.lang.invoke.Invokers$Holder.linkToTargetMethod(java.lang.Object, java.lang.Object, java.lang.Object, java.lang.Object, long, java.lang.Object, java.lang.Object)'> (0x00000000c4f08a38) 
thrown [s\src\hotspot\share\interpreter\linkResolver.cpp, line 773]
Event: 6.869 Thread 0x0000019bc7057010 Exception <a 'java/lang/NoSuchMethodError'{0x00000000c4f4e580}: 'java.lang.Object java.lang.invoke.DirectMethodHandle$Holder.newInvokeSpecial(java.lang.Object, java.lang.Object, java.lang.Object, long, java.lang.Object)'> (0x00000000c4f4e580) 
thrown [s\src\hotspot\share\interpreter\linkResolver.cpp, line 773]
Event: 6.870 Thread 0x0000019bc7057010 Exception <a 'java/lang/NoSuchMethodError'{0x00000000c4f536d8}: 'java.lang.Object java.lang.invoke.DirectMethodHandle$Holder.invokeSpecial(java.lang.Object, java.lang.Object, java.lang.Object, java.lang.Object, long, java.lang.Object)'> (0x00000000c4f536d8) 
thrown [s\src\hotspot\share\interpreter\linkResolver.cpp, line 773]
Event: 6.870 Thread 0x0000019bc7057010 Exception <a 'java/lang/NoSuchMethodError'{0x00000000c4f57ec0}: 'java.lang.Object java.lang.invoke.Invokers$Holder.linkToTargetMethod(java.lang.Object, java.lang.Object, long, java.lang.Object, java.lang.Object)'> (0x00000000c4f57ec0) 
thrown [s\src\hotspot\share\interpreter\linkResolver.cpp, line 773]
Event: 6.890 Thread 0x0000019bc7057010 Exception <a 'java/lang/NoSuchMethodError'{0x00000000c4dbec40}: 'java.lang.Object java.lang.invoke.DirectMethodHandle$Holder.newInvokeSpecial(java.lang.Object, java.lang.Object, java.lang.Object, java.lang.Object, java.lang.Object, java.lang.Object, java.lang.Object, java.lang.Object, java.lang.Object, java.lang.Object, java.lang.Object, java.lang.Object, java.lang.Object, java.lang.Object, java.lang.Object, java.lang.Object, java.lang.Object, java.lang.Object, java.lang.Object, java.lang.Object, java.lang
Event: 6.890 Thread 0x0000019bc7057010 Exception <a 'java/lang/NoSuchMethodError'{0x00000000c4dc6ab8}: 'java.lang.Object java.lang.invoke.DirectMethodHandle$Holder.invokeSpecial(java.lang.Object, java.lang.Object, java.lang.Object, java.lang.Object, java.lang.Object, java.lang.Object, java.lang.Object, java.lang.Object, java.lang.Object, java.lang.Object, java.lang.Object, java.lang.Object, java.lang.Object, java.lang.Object, java.lang.Object, java.lang.Object, java.lang.Object, java.lang.Object, java.lang.Object, java.lang.Object, java.lang.Ob
Event: 6.890 Thread 0x0000019bc7057010 Exception <a 'java/lang/NoSuchMethodError'{0x00000000c4dcd330}: 'java.lang.Object java.lang.invoke.DelegatingMethodHandle$Holder.reinvoke_L(java.lang.Object, java.lang.Object, java.lang.Object, java.lang.Object, java.lang.Object, java.lang.Object, java.lang.Object, java.lang.Object, java.lang.Object, java.lang.Object, java.lang.Object, java.lang.Object, java.lang.Object, java.lang.Object, java.lang.Object, java.lang.Object, java.lang.Object, java.lang.Object, java.lang.Object, java.lang.Object, java.lang.O
Event: 6.914 Thread 0x0000019bc7057010 Implicit null exception at 0x0000019bef606280 to 0x0000019bef606338
Event: 6.925 Thread 0x0000019bc7057010 Exception <a 'java/lang/ClassNotFoundException'{0x00000000c49f72f0}: org/gradle/api/internal/artifacts/dsl/dependencies/DefaultDependencyHandler_DecoratedBeanInfo> (0x00000000c49f72f0) 
thrown [s\src\hotspot\share\classfile\systemDictionary.cpp, line 312]
Event: 6.925 Thread 0x0000019bc7057010 Exception <a 'java/lang/ClassNotFoundException'{0x00000000c480d748}: org/gradle/api/internal/artifacts/dsl/dependencies/DefaultDependencyHandlerBeanInfo> (0x00000000c480d748) 
thrown [s\src\hotspot\share\classfile\systemDictionary.cpp, line 312]
Event: 6.925 Thread 0x0000019bc7057010 Exception <a 'java/lang/ClassNotFoundException'{0x00000000c4823828}: org/gradle/api/internal/artifacts/dsl/dependencies/DefaultDependencyHandlerCustomizer> (0x00000000c4823828) 
thrown [s\src\hotspot\share\classfile\systemDictionary.cpp, line 312]
Event: 6.927 Thread 0x0000019bc7057010 Exception <a 'java/lang/ClassNotFoundException'{0x00000000c486ed48}: org/gradle/api/internal/artifacts/dsl/dependencies/DefaultDependencyHandler_DecoratedCustomizer> (0x00000000c486ed48) 
thrown [s\src\hotspot\share\classfile\systemDictionary.cpp, line 312]
Event: 6.929 Thread 0x0000019bc7057010 Exception <a 'java/lang/ClassNotFoundException'{0x00000000c48b05a0}: ijIdeaPluginConfigurator1_btf53737j8h7vcjd4mzg1qbcl$_run_closure1BeanInfo> (0x00000000c48b05a0) 
thrown [s\src\hotspot\share\classfile\systemDictionary.cpp, line 312]
Event: 6.929 Thread 0x0000019bc7057010 Exception <a 'java/lang/ClassNotFoundException'{0x00000000c48b87d0}: ijIdeaPluginConfigurator1_btf53737j8h7vcjd4mzg1qbcl$_run_closure1Customizer> (0x00000000c48b87d0) 
thrown [s\src\hotspot\share\classfile\systemDictionary.cpp, line 312]
Event: 6.954 Thread 0x0000019bc7057010 Exception <a 'java/lang/NoSuchMethodError'{0x00000000c4587f50}: 'java.lang.Object java.lang.invoke.DirectMethodHandle$Holder.newInvokeSpecial(java.lang.Object, int, java.lang.Object)'> (0x00000000c4587f50) 
thrown [s\src\hotspot\share\interpreter\linkResolver.cpp, line 773]

ZGC Phase Switch (0 events):
No events

VM Operations (20 events):
Event: 6.246 Executing VM operation: HandshakeAllThreads (Deoptimize) done
Event: 6.248 Executing VM operation: G1PauseRemark
Event: 6.250 Executing VM operation: G1PauseRemark done
Event: 6.252 Executing VM operation: G1PauseCleanup
Event: 6.252 Executing VM operation: G1PauseCleanup done
Event: 6.279 Executing VM operation: HandshakeAllThreads (Deoptimize)
Event: 6.279 Executing VM operation: HandshakeAllThreads (Deoptimize) done
Event: 6.406 Executing VM operation: ICBufferFull
Event: 6.406 Executing VM operation: ICBufferFull done
Event: 6.453 Executing VM operation: G1CollectForAllocation (G1 Evacuation Pause)
Event: 6.455 Executing VM operation: G1CollectForAllocation (G1 Evacuation Pause) done
Event: 6.558 Executing VM operation: HandshakeAllThreads (Deoptimize)
Event: 6.558 Executing VM operation: HandshakeAllThreads (Deoptimize) done
Event: 6.731 Executing VM operation: G1CollectForAllocation (G1 Evacuation Pause)
Event: 6.734 Executing VM operation: G1CollectForAllocation (G1 Evacuation Pause) done
Event: 6.800 Executing VM operation: HandshakeAllThreads (Deoptimize)
Event: 6.800 Executing VM operation: HandshakeAllThreads (Deoptimize) done
Event: 6.839 Executing VM operation: HandshakeAllThreads (Deoptimize)
Event: 6.839 Executing VM operation: HandshakeAllThreads (Deoptimize) done
Event: 6.985 Executing VM operation: G1CollectForAllocation (G1 Evacuation Pause)

Memory protections (0 events):
No events

Nmethod flushes (20 events):
Event: 6.250 Thread 0x0000019bfbb515d0 flushing  nmethod 0x0000019be78e6b90
Event: 6.250 Thread 0x0000019bfbb515d0 flushing  nmethod 0x0000019be78e7390
Event: 6.250 Thread 0x0000019bfbb515d0 flushing  nmethod 0x0000019be78e8290
Event: 6.250 Thread 0x0000019bfbb515d0 flushing  nmethod 0x0000019be795e010
Event: 6.250 Thread 0x0000019bfbb515d0 flushing  nmethod 0x0000019be795f990
Event: 6.250 Thread 0x0000019bfbb515d0 flushing  nmethod 0x0000019be7960510
Event: 6.250 Thread 0x0000019bfbb515d0 flushing  nmethod 0x0000019be7962810
Event: 6.250 Thread 0x0000019bfbb515d0 flushing  nmethod 0x0000019be796b710
Event: 6.250 Thread 0x0000019bfbb515d0 flushing  nmethod 0x0000019be796be90
Event: 6.250 Thread 0x0000019bfbb515d0 flushing  nmethod 0x0000019be79dbf10
Event: 6.250 Thread 0x0000019bfbb515d0 flushing  nmethod 0x0000019be79dd690
Event: 6.250 Thread 0x0000019bfbb515d0 flushing  nmethod 0x0000019be79de190
Event: 6.250 Thread 0x0000019bfbb515d0 flushing  nmethod 0x0000019be79df590
Event: 6.250 Thread 0x0000019bfbb515d0 flushing  nmethod 0x0000019be79df890
Event: 6.250 Thread 0x0000019bfbb515d0 flushing  nmethod 0x0000019be7a42610
Event: 6.250 Thread 0x0000019bfbb515d0 flushing  nmethod 0x0000019be7a43a90
Event: 6.250 Thread 0x0000019bfbb515d0 flushing  nmethod 0x0000019be7a48a90
Event: 6.250 Thread 0x0000019bfbb515d0 flushing  nmethod 0x0000019be7a4cb90
Event: 6.250 Thread 0x0000019bfbb515d0 flushing  nmethod 0x0000019be7a4cf10
Event: 6.250 Thread 0x0000019bfbb515d0 flushing  nmethod 0x0000019be7ab6c10

Events (20 events):
Event: 5.597 Thread 0x0000019bc7057010 Thread added: 0x0000019bc8cfc6b0
Event: 5.597 Thread 0x0000019bc7057010 Thread added: 0x0000019bc8cfcd40
Event: 5.597 Thread 0x0000019bc7057010 Thread added: 0x0000019bc8cfb990
Event: 5.597 Thread 0x0000019bc7057010 Thread added: 0x0000019bc8cf9f50
Event: 5.597 Thread 0x0000019bc7057010 Thread added: 0x0000019bc8cfd3d0
Event: 5.598 Thread 0x0000019bc7057010 Thread added: 0x0000019bc8cf6ad0
Event: 5.599 Thread 0x0000019bc7057010 Thread added: 0x0000019bc8cf6440
Event: 5.684 Thread 0x0000019bfbbba8e0 Thread added: 0x0000019bfbbb8000
Event: 5.893 Thread 0x0000019bfbbba8e0 Thread added: 0x0000019bfbbbafb0
Event: 5.953 Thread 0x0000019bc7057010 Thread added: 0x0000019bc8cf8510
Event: 5.973 Thread 0x0000019bc7057010 Thread added: 0x0000019bc8cf9230
Event: 6.268 Thread 0x0000019bfbbbafb0 Thread added: 0x0000019bc5643ae0
Event: 6.268 Thread 0x0000019bfbbba8e0 Thread added: 0x0000019bc56418d0
Event: 6.313 Thread 0x0000019bc56418d0 Thread added: 0x0000019bc5641fa0
Event: 6.317 Thread 0x0000019bc5641fa0 Thread added: 0x0000019bc5641200
Event: 6.367 Thread 0x0000019bc7057010 Thread added: 0x0000019bc8cfac70
Event: 6.383 Thread 0x0000019bc7057010 Thread added: 0x0000019bc8cfda60
Event: 6.486 Thread 0x0000019bc7057010 Thread added: 0x0000019bc54a4860
Event: 6.680 Thread 0x0000019bc7057010 Thread added: 0x0000019bc54a62a0
Event: 6.707 Thread 0x0000019bc7057010 Thread added: 0x0000019bc54a4ef0


Dynamic libraries:
0x00007ff7e92c0000 - 0x00007ff7e92ce000 	C:\Program Files\Eclipse Adoptium\jdk-21.0.8.9-hotspot\bin\java.exe
0x00007ff97f4b0000 - 0x00007ff97f6c6000 	C:\Windows\SYSTEM32\ntdll.dll
0x00007ff97dc00000 - 0x00007ff97dcc4000 	C:\Windows\System32\KERNEL32.DLL
0x00007ff97cd30000 - 0x00007ff97d0d6000 	C:\Windows\System32\KERNELBASE.dll
0x00007ff97cae0000 - 0x00007ff97cbf1000 	C:\Windows\System32\ucrtbase.dll
0x00007ff90d220000 - 0x00007ff90d238000 	C:\Program Files\Eclipse Adoptium\jdk-21.0.8.9-hotspot\bin\jli.dll
0x00007ff90d240000 - 0x00007ff90d25e000 	C:\Program Files\Eclipse Adoptium\jdk-21.0.8.9-hotspot\bin\VCRUNTIME140.dll
0x00007ff97da40000 - 0x00007ff97dbed000 	C:\Windows\System32\USER32.dll
0x00007ff97c8c0000 - 0x00007ff97c8e6000 	C:\Windows\System32\win32u.dll
0x00007ff96cdb0000 - 0x00007ff96d043000 	C:\Windows\WinSxS\amd64_microsoft.windows.common-controls_6595b64144ccf1df_6.0.22621.3235_none_270f74e173860f98\COMCTL32.dll
0x00007ff97d330000 - 0x00007ff97d359000 	C:\Windows\System32\GDI32.dll
0x00007ff97d780000 - 0x00007ff97d827000 	C:\Windows\System32\msvcrt.dll
0x00007ff97d0e0000 - 0x00007ff97d1f8000 	C:\Windows\System32\gdi32full.dll
0x00007ff97c7f0000 - 0x00007ff97c88a000 	C:\Windows\System32\msvcp_win.dll
0x00007ff97d2f0000 - 0x00007ff97d321000 	C:\Windows\System32\IMM32.DLL
0x00007ff961e90000 - 0x00007ff961e9c000 	C:\Program Files\Eclipse Adoptium\jdk-21.0.8.9-hotspot\bin\vcruntime140_1.dll
0x00007ff9085d0000 - 0x00007ff90865d000 	C:\Program Files\Eclipse Adoptium\jdk-21.0.8.9-hotspot\bin\msvcp140.dll
0x00007ff907830000 - 0x00007ff9085c7000 	C:\Program Files\Eclipse Adoptium\jdk-21.0.8.9-hotspot\bin\server\jvm.dll
0x00007ff97e460000 - 0x00007ff97e512000 	C:\Windows\System32\ADVAPI32.dll
0x00007ff97e2c0000 - 0x00007ff97e368000 	C:\Windows\System32\sechost.dll
0x00007ff97c890000 - 0x00007ff97c8b8000 	C:\Windows\System32\bcrypt.dll
0x00007ff97d4c0000 - 0x00007ff97d5d5000 	C:\Windows\System32\RPCRT4.dll
0x00007ff97dcd0000 - 0x00007ff97dd41000 	C:\Windows\System32\WS2_32.dll
0x00007ff96abb0000 - 0x00007ff96abe4000 	C:\Windows\SYSTEM32\WINMM.dll
0x00007ff972c20000 - 0x00007ff972c2a000 	C:\Windows\SYSTEM32\VERSION.dll
0x00007ff97c030000 - 0x00007ff97c07d000 	C:\Windows\SYSTEM32\POWRPROF.dll
0x00007ff97bfb0000 - 0x00007ff97bfc3000 	C:\Windows\SYSTEM32\UMPDC.dll
0x00007ff97b7f0000 - 0x00007ff97b808000 	C:\Windows\SYSTEM32\kernel.appcore.dll
0x00007ff961e30000 - 0x00007ff961e3a000 	C:\Program Files\Eclipse Adoptium\jdk-21.0.8.9-hotspot\bin\jimage.dll
0x00007ff968fb0000 - 0x00007ff9691e3000 	C:\Windows\SYSTEM32\DBGHELP.DLL
0x00007ff97dd70000 - 0x00007ff97e0f8000 	C:\Windows\System32\combase.dll
0x00007ff97d200000 - 0x00007ff97d2d7000 	C:\Windows\System32\OLEAUT32.dll
0x00007ff971940000 - 0x00007ff971972000 	C:\Windows\SYSTEM32\dbgcore.DLL
0x00007ff97c8f0000 - 0x00007ff97c96a000 	C:\Windows\System32\bcryptPrimitives.dll
0x00007ff977b50000 - 0x00007ff977b5f000 	C:\Program Files\Eclipse Adoptium\jdk-21.0.8.9-hotspot\bin\instrument.dll
0x00007ff907810000 - 0x00007ff90782f000 	C:\Program Files\Eclipse Adoptium\jdk-21.0.8.9-hotspot\bin\java.dll
0x00007ff97eb90000 - 0x00007ff97f3ed000 	C:\Windows\System32\SHELL32.dll
0x00007ff97a700000 - 0x00007ff97aff8000 	C:\Windows\SYSTEM32\windows.storage.dll
0x00007ff97a5c0000 - 0x00007ff97a6fe000 	C:\Windows\SYSTEM32\wintypes.dll
0x00007ff97d8e0000 - 0x00007ff97d9d3000 	C:\Windows\System32\SHCORE.dll
0x00007ff97e100000 - 0x00007ff97e15e000 	C:\Windows\System32\shlwapi.dll
0x00007ff97c720000 - 0x00007ff97c746000 	C:\Windows\SYSTEM32\profapi.dll
0x00007ff907730000 - 0x00007ff907807000 	C:\Program Files\Eclipse Adoptium\jdk-21.0.8.9-hotspot\bin\jsvml.dll
0x00007ff9076f0000 - 0x00007ff907708000 	C:\Program Files\Eclipse Adoptium\jdk-21.0.8.9-hotspot\bin\zip.dll
0x00007ff961570000 - 0x00007ff961580000 	C:\Program Files\Eclipse Adoptium\jdk-21.0.8.9-hotspot\bin\net.dll
0x00007ff977220000 - 0x00007ff977357000 	C:\Windows\SYSTEM32\WINHTTP.dll
0x00007ff97bc60000 - 0x00007ff97bcc9000 	C:\Windows\system32\mswsock.dll
0x00007ff907710000 - 0x00007ff907726000 	C:\Program Files\Eclipse Adoptium\jdk-21.0.8.9-hotspot\bin\nio.dll
0x00007ff95b4f0000 - 0x00007ff95b500000 	C:\Program Files\Eclipse Adoptium\jdk-21.0.8.9-hotspot\bin\verify.dll
0x00007ff977b60000 - 0x00007ff977b87000 	C:\Users\Administrator\.gradle\native\1def1411415f61bf3af743bc5b6707747c0891f09f0c88961ee8f79bc544acac\windows-amd64\native-platform.dll
0x00007ff904510000 - 0x00007ff904588000 	C:\Users\Administrator\.gradle\native\0.2.7\x86_64-windows-gnu\gradle-fileevents.dll
0x00007ff958aa0000 - 0x00007ff958aaa000 	C:\Program Files\Eclipse Adoptium\jdk-21.0.8.9-hotspot\bin\management.dll
0x00007ff9581e0000 - 0x00007ff9581eb000 	C:\Program Files\Eclipse Adoptium\jdk-21.0.8.9-hotspot\bin\management_ext.dll
0x00007ff97d9e0000 - 0x00007ff97d9e8000 	C:\Windows\System32\PSAPI.DLL
0x00007ff97b2a0000 - 0x00007ff97b2cd000 	C:\Windows\SYSTEM32\IPHLPAPI.DLL
0x00007ff97dbf0000 - 0x00007ff97dbf9000 	C:\Windows\System32\NSI.dll
0x00007ff9573c0000 - 0x00007ff9573c9000 	C:\Program Files\Eclipse Adoptium\jdk-21.0.8.9-hotspot\bin\extnet.dll
0x00007ff97c0a0000 - 0x00007ff97c0bb000 	C:\Windows\SYSTEM32\CRYPTSP.dll
0x00007ff97b750000 - 0x00007ff97b785000 	C:\Windows\system32\rsaenh.dll
0x00007ff97bd70000 - 0x00007ff97bd9c000 	C:\Windows\SYSTEM32\USERENV.dll
0x00007ff97c080000 - 0x00007ff97c08c000 	C:\Windows\SYSTEM32\CRYPTBASE.dll
0x00007ff957ba0000 - 0x00007ff957bae000 	C:\Program Files\Eclipse Adoptium\jdk-21.0.8.9-hotspot\bin\sunmscapi.dll
0x00007ff97c970000 - 0x00007ff97cad6000 	C:\Windows\System32\CRYPT32.dll
0x00007ff97c1b0000 - 0x00007ff97c1de000 	C:\Windows\SYSTEM32\ncrypt.dll
0x00007ff97c170000 - 0x00007ff97c1a7000 	C:\Windows\SYSTEM32\NTASN1.dll
0x00007ff957330000 - 0x00007ff957338000 	C:\Windows\system32\wshunix.dll

JVMTI agents:
C:\Users\Administrator\.gradle\wrapper\dists\gradle-8.14.3-bin\cv11ve7ro1n3o1j4so8xd9n66\gradle-8.14.3\lib\agents\gradle-instrumentation-agent-8.14.3.jar path:C:\Program Files\Eclipse Adoptium\jdk-21.0.8.9-hotspot\bin\instrument.dll, loaded, initialized, instrumentlib options:none

dbghelp: loaded successfully - version: 4.0.5 - missing functions: none
symbol engine: initialized successfully - sym options: 0x614 - pdb path: .;C:\Program Files\Eclipse Adoptium\jdk-21.0.8.9-hotspot\bin;C:\Windows\SYSTEM32;C:\Windows\WinSxS\amd64_microsoft.windows.common-controls_6595b64144ccf1df_6.0.22621.3235_none_270f74e173860f98;C:\Program Files\Eclipse Adoptium\jdk-21.0.8.9-hotspot\bin\server;C:\Users\Administrator\.gradle\native\1def1411415f61bf3af743bc5b6707747c0891f09f0c88961ee8f79bc544acac\windows-amd64;C:\Users\Administrator\.gradle\native\0.2.7\x86_64-windows-gnu

VM Arguments:
jvm_args: --add-opens=java.base/java.lang=ALL-UNNAMED --add-opens=java.base/java.lang.invoke=ALL-UNNAMED --add-opens=java.base/java.util=ALL-UNNAMED --add-opens=java.prefs/java.util.prefs=ALL-UNNAMED --add-exports=jdk.compiler/com.sun.tools.javac.api=ALL-UNNAMED --add-exports=jdk.compiler/com.sun.tools.javac.util=ALL-UNNAMED --add-opens=java.base/java.util=ALL-UNNAMED --add-opens=java.prefs/java.util.prefs=ALL-UNNAMED --add-opens=java.base/java.nio.charset=ALL-UNNAMED --add-opens=java.base/java.net=ALL-UNNAMED --add-opens=java.base/java.util.concurrent.atomic=ALL-UNNAMED --add-opens=java.xml/javax.xml.namespace=ALL-UNNAMED -Xmx1G -Dfile.encoding=UTF-8 -Duser.country=US -Duser.language=en -Duser.variant -javaagent:C:\Users\Administrator\.gradle\wrapper\dists\gradle-8.14.3-bin\cv11ve7ro1n3o1j4so8xd9n66\gradle-8.14.3\lib\agents\gradle-instrumentation-agent-8.14.3.jar 
java_command: org.gradle.launcher.daemon.bootstrap.GradleDaemon 8.14.3
java_class_path (initial): C:\Users\Administrator\.gradle\wrapper\dists\gradle-8.14.3-bin\cv11ve7ro1n3o1j4so8xd9n66\gradle-8.14.3\lib\gradle-daemon-main-8.14.3.jar
Launcher Type: SUN_STANDARD

[Global flags]
     intx CICompilerCount                          = 12                                        {product} {ergonomic}
     uint ConcGCThreads                            = 4                                         {product} {ergonomic}
     uint G1ConcRefinementThreads                  = 15                                        {product} {ergonomic}
   size_t G1HeapRegionSize                         = 1048576                                   {product} {ergonomic}
    uintx GCDrainStackTargetSize                   = 64                                        {product} {ergonomic}
   size_t InitialHeapSize                          = 1073741824                                {product} {ergonomic}
   size_t MarkStackSize                            = 4194304                                   {product} {ergonomic}
   size_t MaxHeapSize                              = 1073741824                                {product} {command line}
   size_t MaxNewSize                               = 643825664                                 {product} {ergonomic}
   size_t MinHeapDeltaBytes                        = 1048576                                   {product} {ergonomic}
   size_t MinHeapSize                              = 8388608                                   {product} {ergonomic}
    uintx NonNMethodCodeHeapSize                   = 7602480                                {pd product} {ergonomic}
    uintx NonProfiledCodeHeapSize                  = 122027880                              {pd product} {ergonomic}
    uintx ProfiledCodeHeapSize                     = 122027880                              {pd product} {ergonomic}
    uintx ReservedCodeCacheSize                    = 251658240                              {pd product} {ergonomic}
     bool SegmentedCodeCache                       = true                                      {product} {ergonomic}
   size_t SoftMaxHeapSize                          = 1073741824                             {manageable} {ergonomic}
     bool UseCompressedOops                        = true                           {product lp64_product} {ergonomic}
     bool UseG1GC                                  = true                                      {product} {ergonomic}
     bool UseLargePagesIndividualAllocation        = false                                  {pd product} {ergonomic}

Logging:
Log output configuration:
 #0: stdout all=warning uptime,level,tags foldmultilines=false
 #1: stderr all=off uptime,level,tags foldmultilines=false

Environment Variables:
JAVA_HOME=C:\Program Files\Eclipse Adoptium\jdk-21.0.8.9-hotspot\
PATH=C:\Program Files\Eclipse Adoptium\jdk-21.0.8.9-hotspot\bin;C:\Program Files\Eclipse Adoptium\jdk-17.0.10.7-hotspot\bin;C:\Windows\system32;C:\Windows;C:\Windows\System32\Wbem;C:\Windows\System32\WindowsPowerShell\v1.0\;C:\Windows\System32\OpenSSH\;C:\Program Files\dotnet\;C:\Program Files (x86)\NVIDIA Corporation\PhysX\Common;C:\Users\Administrator\AppData\Local\Microsoft\WindowsApps;C:\Program Files\JetBrains\IntelliJ IDEA Community Edition 2025.2\bin;C:\Users\Administrator\AppData\Local\Programs\Microsoft VS Code\bin;C:\Users\Administrator\AppData\Local\GitHubDesktop\bin
USERNAME=Administrator
OS=Windows_NT
PROCESSOR_IDENTIFIER=Intel64 Family 6 Model 165 Stepping 5, GenuineIntel
TMP=C:\Users\ADMINI~1\AppData\Local\Temp
TEMP=C:\Users\ADMINI~1\AppData\Local\Temp




Periodic native trim disabled

---------------  S Y S T E M  ---------------

OS:
 Windows 11 , 64 bit Build 22621 (10.0.22621.3235)
OS uptime: 0 days 5:33 hours
Hyper-V role detected

CPU: total 20 (initial active 20) (10 cores per cpu, 2 threads per core) family 6 model 165 stepping 5 microcode 0xe2, cx8, cmov, fxsr, ht, mmx, 3dnowpref, sse, sse2, sse3, ssse3, sse4.1, sse4.2, popcnt, lzcnt, tsc, tscinvbit, avx, avx2, aes, erms, clmul, bmi1, bmi2, adx, fma, vzeroupper, clflush, clflushopt, hv, rdtscp, f16c
Processor Information for the first 20 processors :
  Max Mhz: 3696, Current Mhz: 3696, Mhz Limit: 3696

Memory: 4k page, system-wide physical 65433M (42598M free)
TotalPageFile size 75161M (AvailPageFile size 48590M)
current process WorkingSet (physical memory assigned to process): 277M, peak: 303M
current process commit charge ("private bytes"): 337M, peak: 1271M

vm_info: OpenJDK 64-Bit Server VM (21.0.8+9-LTS) for windows-amd64 JRE (21.0.8+9-LTS), built on 2025-07-15T00:00:00Z by "admin" with MS VC++ 17.7 (VS2022)

END.
